#
# A fatal error has been detected by the Java Runtime Environment:
#
#  EXCEPTION_ACCESS_VIOLATION (0xc0000005) at pc=0x000000007110b5db, pid=17648, tid=17024
#
# JRE version: OpenJDK Runtime Environment JBR-17.0.14+1-1367.22-nomod (17.0.14+1) (build 17.0.14+1-b1367.22)
# Java VM: OpenJDK 64-Bit Server VM JBR-17.0.14+1-1367.22-nomod (17.0.14+1-b1367.22, mixed mode, sharing, tiered, compressed oops, compressed class ptrs, g1 gc, windows-amd64)
# Problematic frame:
# C  [jSSC-2.8_x86_64.dll+0xb5db]
#
# No core dump will be written. Minidumps are not enabled by default on client versions of Windows
#
# If you would like to submit a bug report, please visit:
#   https://youtrack.jetbrains.com/issues/JBR
# The crash happened outside the Java Virtual Machine in native code.
# See problematic frame for where to report the bug.
#

---------------  S U M M A R Y ------------

Command Line: -javaagent:C:\Program Files\JetBrains\IntelliJ IDEA 2024.3.5\lib\idea_rt.jar=54128 -Dfile.encoding=UTF-8 com.example.sattelliteserrver.test.TestSocket

Host: 11th Gen Intel(R) Core(TM) i5-11400F @ 2.60GHz, 12 cores, 15G,  Windows 11 , 64 bit Build 22621 (10.0.22621.3527)
Time: Mon May 12 22:07:55 2025 SE Asia Standard Time elapsed time: 0.182741 seconds (0d 0h 0m 0s)

---------------  T H R E A D  ---------------

Current thread (0x0000022119f05010):  JavaThread "main" [_thread_in_native, id=17024, stack(0x0000005b59f00000,0x0000005b5a000000)]

Stack: [0x0000005b59f00000,0x0000005b5a000000],  sp=0x0000005b59fff190,  free space=1020k
Native frames: (J=compiled Java code, j=interpreted, Vv=VM code, C=native code)
C  [jSSC-2.8_x86_64.dll+0xb5db]

Java frames: (J=compiled Java code, j=interpreted, Vv=VM code)
j  jssc.SerialNativeInterface.openPort(Ljava/lang/String;Z)J+0
j  jssc.SerialPort.openPort()Z+65
j  com.example.sattelliteserrver.serial.SerialServerController.start(Ljava/lang/String;)V+16
j  com.example.sattelliteserrver.test.TestSocket.main([Ljava/lang/String;)V+9
v  ~StubRoutines::call_stub

siginfo: EXCEPTION_ACCESS_VIOLATION (0xc0000005), reading address 0x0000000017f01e71


Registers:
RAX=0x0000000017f01e71, RBX=0x0000005b59fff200, RCX=0x00007ffba708fb34, RDX=0x0000000000000000
RSP=0x0000005b59fff190, RBP=0x0000005b59fff310, RSI=0x0000022119f052c8, RDI=0x00000000000005e4
R8 =0x0000005b59fff088, R9 =0x0000000000000000, R10=0x0000000000000000, R11=0x0000000000000246
R12=0x0000005b59fff3c8, R13=0x000002217a3a9870, R14=0x0000005b59fff2c0, R15=0x0000022119f05010
RIP=0x000000007110b5db, EFLAGS=0x0000000000010202


Register to memory mapping:

RIP=0x000000007110b5db jSSC-2.8_x86_64.dll
RAX=0x0000000017f01e71 is an unknown value
RBX=0x0000005b59fff200 is pointing into the stack for thread: 0x0000022119f05010
RCX=0x00007ffba708fb34 ntdll.dll
RDX=0x0 is NULL
RSP=0x0000005b59fff190 is pointing into the stack for thread: 0x0000022119f05010
RBP=0x0000005b59fff310 is pointing into the stack for thread: 0x0000022119f05010
RSI=0x0000022119f052c8 points into unknown readable memory: 0x00007ffb1f223820 | 20 38 22 1f fb 7f 00 00
RDI=0x00000000000005e4 is an unknown value
R8 =0x0000005b59fff088 is pointing into the stack for thread: 0x0000022119f05010
R9 =0x0 is NULL
R10=0x0 is NULL
R11=0x0000000000000246 is an unknown value
R12=0x0000005b59fff3c8 is pointing into the stack for thread: 0x0000022119f05010
R13=0x000002217a3a9870 points into unknown readable memory: 0x0065747942747570 | 70 75 74 42 79 74 65 00
R14=0x0000005b59fff2c0 is pointing into the stack for thread: 0x0000022119f05010
R15=0x0000022119f05010 is a thread


Top of Stack: (sp=0x0000005b59fff190)
0x0000005b59fff190:   0000000000000000 0000000000000000
0x0000005b59fff1a0:   000000007110b230 00007ffb1e7970d3
0x0000005b59fff1b0:   0000022119f05010 0000000000000004
0x0000005b59fff1c0:   0000022119f052c8 00000000000005e4
0x0000005b59fff1d0:   0000005b59fff310 0000000071112590
0x0000005b59fff1e0:   000002217a3a9860 0000022117d40000
0x0000005b59fff1f0:   0000005b59fff310 0000000000000000
0x0000005b59fff200:   0000000000000000 0000000000000000
0x0000005b59fff210:   00000000000005e4 00007ffba498364b
0x0000005b59fff220:   000002217a3a9870 0000022119f052c8
0x0000005b59fff230:   0000000071113500 0000000071113be8
0x0000005b59fff240:   0000005b59fff270 0000000071112641
0x0000005b59fff250:   0000005b59fff1e0 0000000000000000
0x0000005b59fff260:   0000000000000000 0000000000000000
0x0000005b59fff270:   0000005b59fff310 0000000071101595
0x0000005b59fff280:   000000000000001c 0000005b59fff2d0
0x0000005b59fff290:   0000000000000004 0000005b59fff310
0x0000005b59fff2a0:   0000022100000003 00007ffb40000000
0x0000005b59fff2b0:   0000000000000000 0000022124c3c0ed
0x0000005b59fff2c0:   364d4f435c2e5c5c 0000000711741000
0x0000005b59fff2d0:   000002005c2e5c5c 0000022119f05010
0x0000005b59fff2e0:   000002217b4113c0 00000000000000de
0x0000005b59fff2f0:   000002217b0273c8 0000000000000000
0x0000005b59fff300:   000002217b4113c0 0000005b59fff3d0
0x0000005b59fff310:   0000005b59fff3a0 0000022124c1d6e1
0x0000005b59fff320:   000002217b0273c8 0000022124c1d412
0x0000005b59fff330:   000002217b4113c0 00000000000000de
0x0000005b59fff340:   0000005b59fff3c0 0000022124c19679
0x0000005b59fff350:   0000022124c1d3b6 0000005b59fff358
0x0000005b59fff360:   000002217b4113c0 0000005b59fff3d0
0x0000005b59fff370:   000002217b412300 0000000000000000
0x0000005b59fff380:   0000000711740f58 000002217b4113c0 

Instructions: (pc=0x000000007110b5db)
0x000000007110b4db:   48 85 c0 74 bf 44 8b 03 45 85 c0 0f 84 77 ff ff
0x000000007110b4eb:   ff eb 9f 66 90 e8 8b fe ff ff 48 89 05 0c 34 01
0x000000007110b4fb:   00 eb ad 66 90 e8 7b fe ff ff 48 89 05 fc 33 01
0x000000007110b50b:   00 eb 8b e8 8d fe ff ff c7 03 01 00 00 00 e9 6f
0x000000007110b51b:   ff ff ff 66 90 55 48 89 e5 56 53 48 83 ec 20 48
0x000000007110b52b:   8b 05 d7 33 01 00 48 8b 31 48 89 cb 48 85 c0 74
0x000000007110b53b:   56 44 8b 18 45 85 db 78 42 48 8b 05 bd 33 01 00
0x000000007110b54b:   48 85 c0 74 50 44 8b 10 45 85 d2 74 1d 48 89 f1
0x000000007110b55b:   e8 d0 fd ff ff 48 8b 13 48 8d 42 40 48 8b 48 08
0x000000007110b56b:   48 8b 6a 40 48 8b 60 10 ff e1 48 8b 05 9c 33 01
0x000000007110b57b:   00 48 85 c0 74 2d 48 89 30 eb da e8 b5 fe ff ff
0x000000007110b58b:   0f 1f 44 00 00 eb b2 e8 e9 fd ff ff 48 89 05 6a
0x000000007110b59b:   33 01 00 eb 9c e8 db fd ff ff 48 89 05 5c 33 01
0x000000007110b5ab:   00 eb a2 e8 3d fd ff ff 48 89 05 5e 33 01 00 eb
0x000000007110b5bb:   c5 0f 1f 40 00 55 57 56 53 48 83 ec 28 48 8b 05
0x000000007110b5cb:   39 33 01 00 48 89 cb 48 85 c0 0f 84 c5 00 00 00
0x000000007110b5db:   8b 38 85 ff 0f 88 ab 00 00 00 48 8b 05 1c 33 01
0x000000007110b5eb:   00 48 85 c0 0f 84 bc 00 00 00 8b 30 85 f6 74 57
0x000000007110b5fb:   48 8b 05 0e 33 01 00 48 85 c0 0f 84 e5 00 00 00
0x000000007110b60b:   8b 28 48 8b 35 10 5e 01 00 ff d6 89 c7 89 e9 ff
0x000000007110b61b:   15 f4 5e 01 00 89 f9 48 89 c5 ff 15 b9 5e 01 00
0x000000007110b62b:   48 8b 05 de 32 01 00 48 89 2b 48 85 c0 74 46 48
0x000000007110b63b:   89 da 8b 08 ff 15 d7 5e 01 00 85 c0 74 27 48 83
0x000000007110b64b:   c4 28 5b 5e 5f 5d c3 48 8b 05 bf 32 01 00 48 85
0x000000007110b65b:   c0 74 64 48 8b 10 48 89 13 48 89 18 48 83 c4 28
0x000000007110b66b:   5b 5e 5f 5d c3 48 89 f2 48 83 c4 28 5b 5e 5f 5d
0x000000007110b67b:   48 ff e2 66 90 e8 8b fc ff ff 48 89 05 84 32 01
0x000000007110b68b:   00 eb ac 66 90 e8 ab fd ff ff e9 4b ff ff ff 66
0x000000007110b69b:   0f 1f 44 00 00 e8 db fc ff ff 48 89 05 5c 32 01
0x000000007110b6ab:   00 e9 2a ff ff ff e8 ca fc ff ff 48 89 05 4b 32
0x000000007110b6bb:   01 00 e9 33 ff ff ff e8 29 fc ff ff 48 89 05 4a
0x000000007110b6cb:   32 01 00 48 8b 10 48 85 c0 48 89 13 75 8b e8 12 


Stack slot to memory mapping:
stack at sp + 0 slots: 0x0 is NULL
stack at sp + 1 slots: 0x0 is NULL
stack at sp + 2 slots: 0x000000007110b230 jSSC-2.8_x86_64.dll
stack at sp + 3 slots: 0x00007ffb1e7970d3 jvm.dll::AllocateHeap + 0x43
stack at sp + 4 slots: 0x0000022119f05010 is a thread
stack at sp + 5 slots: 0x0000000000000004 is an unknown value
stack at sp + 6 slots: 0x0000022119f052c8 points into unknown readable memory: 0x00007ffb1f223820 | 20 38 22 1f fb 7f 00 00
stack at sp + 7 slots: 0x00000000000005e4 is an unknown value


---------------  P R O C E S S  ---------------

Threads class SMR info:
_java_thread_list=0x000002217a51a130, length=14, elements={
0x0000022119f05010, 0x000002217a125b50, 0x000002217a126620, 0x000002217a13a110,
0x000002217a13cce0, 0x000002217a13f7b0, 0x000002217a140170, 0x000002217a140f10,
0x000002217a144ec0, 0x000002217a14d8d0, 0x0000022138f8d660, 0x000002217a43ffd0,
0x000002217a47dc40, 0x000002217a47e120
}

Java Threads: ( => current thread )
=>0x0000022119f05010 JavaThread "main" [_thread_in_native, id=17024, stack(0x0000005b59f00000,0x0000005b5a000000)]
  0x000002217a125b50 JavaThread "Reference Handler" daemon [_thread_blocked, id=20356, stack(0x0000005b5a600000,0x0000005b5a700000)]
  0x000002217a126620 JavaThread "Finalizer" daemon [_thread_blocked, id=12556, stack(0x0000005b5a700000,0x0000005b5a800000)]
  0x000002217a13a110 JavaThread "Signal Dispatcher" daemon [_thread_blocked, id=14976, stack(0x0000005b5a800000,0x0000005b5a900000)]
  0x000002217a13cce0 JavaThread "Attach Listener" daemon [_thread_in_Java, id=16004, stack(0x0000005b5a900000,0x0000005b5aa00000)]
  0x000002217a13f7b0 JavaThread "Service Thread" daemon [_thread_blocked, id=9424, stack(0x0000005b5aa00000,0x0000005b5ab00000)]
  0x000002217a140170 JavaThread "Monitor Deflation Thread" daemon [_thread_blocked, id=2680, stack(0x0000005b5ab00000,0x0000005b5ac00000)]
  0x000002217a140f10 JavaThread "C2 CompilerThread0" daemon [_thread_blocked, id=16344, stack(0x0000005b5ac00000,0x0000005b5ad00000)]
  0x000002217a144ec0 JavaThread "C1 CompilerThread0" daemon [_thread_blocked, id=18672, stack(0x0000005b5ad00000,0x0000005b5ae00000)]
  0x000002217a14d8d0 JavaThread "Sweeper thread" daemon [_thread_blocked, id=1728, stack(0x0000005b5ae00000,0x0000005b5af00000)]
  0x0000022138f8d660 JavaThread "Common-Cleaner" daemon [_thread_blocked, id=14580, stack(0x0000005b5af00000,0x0000005b5b000000)]
  0x000002217a43ffd0 JavaThread "C2 CompilerThread1" daemon [_thread_blocked, id=13824, stack(0x0000005b5b000000,0x0000005b5b100000)]
  0x000002217a47dc40 JavaThread "Monitor Ctrl-Break" daemon [_thread_in_native, id=18340, stack(0x0000005b5b100000,0x0000005b5b200000)]
  0x000002217a47e120 JavaThread "Notification Thread" daemon [_thread_blocked, id=3408, stack(0x0000005b5b200000,0x0000005b5b300000)]

Other Threads:
  0x0000022138f9e3b0 VMThread "VM Thread" [stack: 0x0000005b5a500000,0x0000005b5a600000] [id=7784]
  0x000002217a7f54a0 WatcherThread [stack: 0x0000005b5b300000,0x0000005b5b400000] [id=13700]
  0x0000022119f72140 GCTaskThread "GC Thread#0" [stack: 0x0000005b5a000000,0x0000005b5a100000] [id=19436]
  0x0000022119f82e60 ConcurrentGCThread "G1 Main Marker" [stack: 0x0000005b5a100000,0x0000005b5a200000] [id=5620]
  0x0000022119f83880 ConcurrentGCThread "G1 Conc#0" [stack: 0x0000005b5a200000,0x0000005b5a300000] [id=19948]
  0x0000022138e57ba0 ConcurrentGCThread "G1 Refine#0" [stack: 0x0000005b5a300000,0x0000005b5a400000] [id=7708]
  0x0000022138e585d0 ConcurrentGCThread "G1 Service" [stack: 0x0000005b5a400000,0x0000005b5a500000] [id=3712]

Threads with active compile tasks:

VM state: not at safepoint (normal execution)

VM Mutex/Monitor currently owned by a thread: None

Heap address: 0x0000000702200000, size: 4062 MB, Compressed Oops mode: Zero based, Oop shift amount: 3

CDS archive(s) mapped at: [0x0000022139000000-0x0000022139c00000-0x0000022139c00000), size 12582912, SharedBaseAddress: 0x0000022139000000, ArchiveRelocationMode: 1.
Compressed class space mapped at: 0x000002213a000000-0x000002217a000000, reserved size: 1073741824
Narrow klass base: 0x0000022139000000, Narrow klass shift: 0, Narrow klass range: 0x100000000

GC Precious Log:
 CPUs: 12 total, 12 available
 Memory: 16241M
 Large Page Support: Disabled
 NUMA Support: Disabled
 Compressed Oops: Enabled (Zero based)
 Heap Region Size: 2M
 Heap Min Capacity: 8M
 Heap Initial Capacity: 254M
 Heap Max Capacity: 4062M
 Pre-touch: Disabled
 Parallel Workers: 10
 Concurrent Workers: 3
 Concurrent Refinement Workers: 10
 Periodic GC: Disabled

Heap:
 garbage-first heap   total 260096K, used 10240K [0x0000000702200000, 0x0000000800000000)
  region size 2048K, 6 young (12288K), 0 survivors (0K)
 Metaspace       used 2080K, committed 2240K, reserved 1114112K
  class space    used 201K, committed 256K, reserved 1048576K

Heap Regions: E=young(eden), S=young(survivor), O=old, HS=humongous(starts), HC=humongous(continues), CS=collection set, F=free, OA=open archive, CA=closed archive, TAMS=top-at-mark-start (previous, next)
|   0|0x0000000702200000, 0x0000000702200000, 0x0000000702400000|  0%| F|  |TAMS 0x0000000702200000, 0x0000000702200000| Untracked 
|   1|0x0000000702400000, 0x0000000702400000, 0x0000000702600000|  0%| F|  |TAMS 0x0000000702400000, 0x0000000702400000| Untracked 
|   2|0x0000000702600000, 0x0000000702600000, 0x0000000702800000|  0%| F|  |TAMS 0x0000000702600000, 0x0000000702600000| Untracked 
|   3|0x0000000702800000, 0x0000000702800000, 0x0000000702a00000|  0%| F|  |TAMS 0x0000000702800000, 0x0000000702800000| Untracked 
|   4|0x0000000702a00000, 0x0000000702a00000, 0x0000000702c00000|  0%| F|  |TAMS 0x0000000702a00000, 0x0000000702a00000| Untracked 
|   5|0x0000000702c00000, 0x0000000702c00000, 0x0000000702e00000|  0%| F|  |TAMS 0x0000000702c00000, 0x0000000702c00000| Untracked 
|   6|0x0000000702e00000, 0x0000000702e00000, 0x0000000703000000|  0%| F|  |TAMS 0x0000000702e00000, 0x0000000702e00000| Untracked 
|   7|0x0000000703000000, 0x0000000703000000, 0x0000000703200000|  0%| F|  |TAMS 0x0000000703000000, 0x0000000703000000| Untracked 
|   8|0x0000000703200000, 0x0000000703200000, 0x0000000703400000|  0%| F|  |TAMS 0x0000000703200000, 0x0000000703200000| Untracked 
|   9|0x0000000703400000, 0x0000000703400000, 0x0000000703600000|  0%| F|  |TAMS 0x0000000703400000, 0x0000000703400000| Untracked 
|  10|0x0000000703600000, 0x0000000703600000, 0x0000000703800000|  0%| F|  |TAMS 0x0000000703600000, 0x0000000703600000| Untracked 
|  11|0x0000000703800000, 0x0000000703800000, 0x0000000703a00000|  0%| F|  |TAMS 0x0000000703800000, 0x0000000703800000| Untracked 
|  12|0x0000000703a00000, 0x0000000703a00000, 0x0000000703c00000|  0%| F|  |TAMS 0x0000000703a00000, 0x0000000703a00000| Untracked 
|  13|0x0000000703c00000, 0x0000000703c00000, 0x0000000703e00000|  0%| F|  |TAMS 0x0000000703c00000, 0x0000000703c00000| Untracked 
|  14|0x0000000703e00000, 0x0000000703e00000, 0x0000000704000000|  0%| F|  |TAMS 0x0000000703e00000, 0x0000000703e00000| Untracked 
|  15|0x0000000704000000, 0x0000000704000000, 0x0000000704200000|  0%| F|  |TAMS 0x0000000704000000, 0x0000000704000000| Untracked 
|  16|0x0000000704200000, 0x0000000704200000, 0x0000000704400000|  0%| F|  |TAMS 0x0000000704200000, 0x0000000704200000| Untracked 
|  17|0x0000000704400000, 0x0000000704400000, 0x0000000704600000|  0%| F|  |TAMS 0x0000000704400000, 0x0000000704400000| Untracked 
|  18|0x0000000704600000, 0x0000000704600000, 0x0000000704800000|  0%| F|  |TAMS 0x0000000704600000, 0x0000000704600000| Untracked 
|  19|0x0000000704800000, 0x0000000704800000, 0x0000000704a00000|  0%| F|  |TAMS 0x0000000704800000, 0x0000000704800000| Untracked 
|  20|0x0000000704a00000, 0x0000000704a00000, 0x0000000704c00000|  0%| F|  |TAMS 0x0000000704a00000, 0x0000000704a00000| Untracked 
|  21|0x0000000704c00000, 0x0000000704c00000, 0x0000000704e00000|  0%| F|  |TAMS 0x0000000704c00000, 0x0000000704c00000| Untracked 
|  22|0x0000000704e00000, 0x0000000704e00000, 0x0000000705000000|  0%| F|  |TAMS 0x0000000704e00000, 0x0000000704e00000| Untracked 
|  23|0x0000000705000000, 0x0000000705000000, 0x0000000705200000|  0%| F|  |TAMS 0x0000000705000000, 0x0000000705000000| Untracked 
|  24|0x0000000705200000, 0x0000000705200000, 0x0000000705400000|  0%| F|  |TAMS 0x0000000705200000, 0x0000000705200000| Untracked 
|  25|0x0000000705400000, 0x0000000705400000, 0x0000000705600000|  0%| F|  |TAMS 0x0000000705400000, 0x0000000705400000| Untracked 
|  26|0x0000000705600000, 0x0000000705600000, 0x0000000705800000|  0%| F|  |TAMS 0x0000000705600000, 0x0000000705600000| Untracked 
|  27|0x0000000705800000, 0x0000000705800000, 0x0000000705a00000|  0%| F|  |TAMS 0x0000000705800000, 0x0000000705800000| Untracked 
|  28|0x0000000705a00000, 0x0000000705a00000, 0x0000000705c00000|  0%| F|  |TAMS 0x0000000705a00000, 0x0000000705a00000| Untracked 
|  29|0x0000000705c00000, 0x0000000705c00000, 0x0000000705e00000|  0%| F|  |TAMS 0x0000000705c00000, 0x0000000705c00000| Untracked 
|  30|0x0000000705e00000, 0x0000000705e00000, 0x0000000706000000|  0%| F|  |TAMS 0x0000000705e00000, 0x0000000705e00000| Untracked 
|  31|0x0000000706000000, 0x0000000706000000, 0x0000000706200000|  0%| F|  |TAMS 0x0000000706000000, 0x0000000706000000| Untracked 
|  32|0x0000000706200000, 0x0000000706200000, 0x0000000706400000|  0%| F|  |TAMS 0x0000000706200000, 0x0000000706200000| Untracked 
|  33|0x0000000706400000, 0x0000000706400000, 0x0000000706600000|  0%| F|  |TAMS 0x0000000706400000, 0x0000000706400000| Untracked 
|  34|0x0000000706600000, 0x0000000706600000, 0x0000000706800000|  0%| F|  |TAMS 0x0000000706600000, 0x0000000706600000| Untracked 
|  35|0x0000000706800000, 0x0000000706800000, 0x0000000706a00000|  0%| F|  |TAMS 0x0000000706800000, 0x0000000706800000| Untracked 
|  36|0x0000000706a00000, 0x0000000706a00000, 0x0000000706c00000|  0%| F|  |TAMS 0x0000000706a00000, 0x0000000706a00000| Untracked 
|  37|0x0000000706c00000, 0x0000000706c00000, 0x0000000706e00000|  0%| F|  |TAMS 0x0000000706c00000, 0x0000000706c00000| Untracked 
|  38|0x0000000706e00000, 0x0000000706e00000, 0x0000000707000000|  0%| F|  |TAMS 0x0000000706e00000, 0x0000000706e00000| Untracked 
|  39|0x0000000707000000, 0x0000000707000000, 0x0000000707200000|  0%| F|  |TAMS 0x0000000707000000, 0x0000000707000000| Untracked 
|  40|0x0000000707200000, 0x0000000707200000, 0x0000000707400000|  0%| F|  |TAMS 0x0000000707200000, 0x0000000707200000| Untracked 
|  41|0x0000000707400000, 0x0000000707400000, 0x0000000707600000|  0%| F|  |TAMS 0x0000000707400000, 0x0000000707400000| Untracked 
|  42|0x0000000707600000, 0x0000000707600000, 0x0000000707800000|  0%| F|  |TAMS 0x0000000707600000, 0x0000000707600000| Untracked 
|  43|0x0000000707800000, 0x0000000707800000, 0x0000000707a00000|  0%| F|  |TAMS 0x0000000707800000, 0x0000000707800000| Untracked 
|  44|0x0000000707a00000, 0x0000000707a00000, 0x0000000707c00000|  0%| F|  |TAMS 0x0000000707a00000, 0x0000000707a00000| Untracked 
|  45|0x0000000707c00000, 0x0000000707c00000, 0x0000000707e00000|  0%| F|  |TAMS 0x0000000707c00000, 0x0000000707c00000| Untracked 
|  46|0x0000000707e00000, 0x0000000707e00000, 0x0000000708000000|  0%| F|  |TAMS 0x0000000707e00000, 0x0000000707e00000| Untracked 
|  47|0x0000000708000000, 0x0000000708000000, 0x0000000708200000|  0%| F|  |TAMS 0x0000000708000000, 0x0000000708000000| Untracked 
|  48|0x0000000708200000, 0x0000000708200000, 0x0000000708400000|  0%| F|  |TAMS 0x0000000708200000, 0x0000000708200000| Untracked 
|  49|0x0000000708400000, 0x0000000708400000, 0x0000000708600000|  0%| F|  |TAMS 0x0000000708400000, 0x0000000708400000| Untracked 
|  50|0x0000000708600000, 0x0000000708600000, 0x0000000708800000|  0%| F|  |TAMS 0x0000000708600000, 0x0000000708600000| Untracked 
|  51|0x0000000708800000, 0x0000000708800000, 0x0000000708a00000|  0%| F|  |TAMS 0x0000000708800000, 0x0000000708800000| Untracked 
|  52|0x0000000708a00000, 0x0000000708a00000, 0x0000000708c00000|  0%| F|  |TAMS 0x0000000708a00000, 0x0000000708a00000| Untracked 
|  53|0x0000000708c00000, 0x0000000708c00000, 0x0000000708e00000|  0%| F|  |TAMS 0x0000000708c00000, 0x0000000708c00000| Untracked 
|  54|0x0000000708e00000, 0x0000000708e00000, 0x0000000709000000|  0%| F|  |TAMS 0x0000000708e00000, 0x0000000708e00000| Untracked 
|  55|0x0000000709000000, 0x0000000709000000, 0x0000000709200000|  0%| F|  |TAMS 0x0000000709000000, 0x0000000709000000| Untracked 
|  56|0x0000000709200000, 0x0000000709200000, 0x0000000709400000|  0%| F|  |TAMS 0x0000000709200000, 0x0000000709200000| Untracked 
|  57|0x0000000709400000, 0x0000000709400000, 0x0000000709600000|  0%| F|  |TAMS 0x0000000709400000, 0x0000000709400000| Untracked 
|  58|0x0000000709600000, 0x0000000709600000, 0x0000000709800000|  0%| F|  |TAMS 0x0000000709600000, 0x0000000709600000| Untracked 
|  59|0x0000000709800000, 0x0000000709800000, 0x0000000709a00000|  0%| F|  |TAMS 0x0000000709800000, 0x0000000709800000| Untracked 
|  60|0x0000000709a00000, 0x0000000709a00000, 0x0000000709c00000|  0%| F|  |TAMS 0x0000000709a00000, 0x0000000709a00000| Untracked 
|  61|0x0000000709c00000, 0x0000000709c00000, 0x0000000709e00000|  0%| F|  |TAMS 0x0000000709c00000, 0x0000000709c00000| Untracked 
|  62|0x0000000709e00000, 0x0000000709e00000, 0x000000070a000000|  0%| F|  |TAMS 0x0000000709e00000, 0x0000000709e00000| Untracked 
|  63|0x000000070a000000, 0x000000070a000000, 0x000000070a200000|  0%| F|  |TAMS 0x000000070a000000, 0x000000070a000000| Untracked 
|  64|0x000000070a200000, 0x000000070a200000, 0x000000070a400000|  0%| F|  |TAMS 0x000000070a200000, 0x000000070a200000| Untracked 
|  65|0x000000070a400000, 0x000000070a400000, 0x000000070a600000|  0%| F|  |TAMS 0x000000070a400000, 0x000000070a400000| Untracked 
|  66|0x000000070a600000, 0x000000070a600000, 0x000000070a800000|  0%| F|  |TAMS 0x000000070a600000, 0x000000070a600000| Untracked 
|  67|0x000000070a800000, 0x000000070a800000, 0x000000070aa00000|  0%| F|  |TAMS 0x000000070a800000, 0x000000070a800000| Untracked 
|  68|0x000000070aa00000, 0x000000070aa00000, 0x000000070ac00000|  0%| F|  |TAMS 0x000000070aa00000, 0x000000070aa00000| Untracked 
|  69|0x000000070ac00000, 0x000000070ac00000, 0x000000070ae00000|  0%| F|  |TAMS 0x000000070ac00000, 0x000000070ac00000| Untracked 
|  70|0x000000070ae00000, 0x000000070ae00000, 0x000000070b000000|  0%| F|  |TAMS 0x000000070ae00000, 0x000000070ae00000| Untracked 
|  71|0x000000070b000000, 0x000000070b000000, 0x000000070b200000|  0%| F|  |TAMS 0x000000070b000000, 0x000000070b000000| Untracked 
|  72|0x000000070b200000, 0x000000070b200000, 0x000000070b400000|  0%| F|  |TAMS 0x000000070b200000, 0x000000070b200000| Untracked 
|  73|0x000000070b400000, 0x000000070b400000, 0x000000070b600000|  0%| F|  |TAMS 0x000000070b400000, 0x000000070b400000| Untracked 
|  74|0x000000070b600000, 0x000000070b600000, 0x000000070b800000|  0%| F|  |TAMS 0x000000070b600000, 0x000000070b600000| Untracked 
|  75|0x000000070b800000, 0x000000070b800000, 0x000000070ba00000|  0%| F|  |TAMS 0x000000070b800000, 0x000000070b800000| Untracked 
|  76|0x000000070ba00000, 0x000000070ba00000, 0x000000070bc00000|  0%| F|  |TAMS 0x000000070ba00000, 0x000000070ba00000| Untracked 
|  77|0x000000070bc00000, 0x000000070bc00000, 0x000000070be00000|  0%| F|  |TAMS 0x000000070bc00000, 0x000000070bc00000| Untracked 
|  78|0x000000070be00000, 0x000000070be00000, 0x000000070c000000|  0%| F|  |TAMS 0x000000070be00000, 0x000000070be00000| Untracked 
|  79|0x000000070c000000, 0x000000070c000000, 0x000000070c200000|  0%| F|  |TAMS 0x000000070c000000, 0x000000070c000000| Untracked 
|  80|0x000000070c200000, 0x000000070c200000, 0x000000070c400000|  0%| F|  |TAMS 0x000000070c200000, 0x000000070c200000| Untracked 
|  81|0x000000070c400000, 0x000000070c400000, 0x000000070c600000|  0%| F|  |TAMS 0x000000070c400000, 0x000000070c400000| Untracked 
|  82|0x000000070c600000, 0x000000070c600000, 0x000000070c800000|  0%| F|  |TAMS 0x000000070c600000, 0x000000070c600000| Untracked 
|  83|0x000000070c800000, 0x000000070c800000, 0x000000070ca00000|  0%| F|  |TAMS 0x000000070c800000, 0x000000070c800000| Untracked 
|  84|0x000000070ca00000, 0x000000070ca00000, 0x000000070cc00000|  0%| F|  |TAMS 0x000000070ca00000, 0x000000070ca00000| Untracked 
|  85|0x000000070cc00000, 0x000000070cc00000, 0x000000070ce00000|  0%| F|  |TAMS 0x000000070cc00000, 0x000000070cc00000| Untracked 
|  86|0x000000070ce00000, 0x000000070ce00000, 0x000000070d000000|  0%| F|  |TAMS 0x000000070ce00000, 0x000000070ce00000| Untracked 
|  87|0x000000070d000000, 0x000000070d000000, 0x000000070d200000|  0%| F|  |TAMS 0x000000070d000000, 0x000000070d000000| Untracked 
|  88|0x000000070d200000, 0x000000070d200000, 0x000000070d400000|  0%| F|  |TAMS 0x000000070d200000, 0x000000070d200000| Untracked 
|  89|0x000000070d400000, 0x000000070d400000, 0x000000070d600000|  0%| F|  |TAMS 0x000000070d400000, 0x000000070d400000| Untracked 
|  90|0x000000070d600000, 0x000000070d600000, 0x000000070d800000|  0%| F|  |TAMS 0x000000070d600000, 0x000000070d600000| Untracked 
|  91|0x000000070d800000, 0x000000070d800000, 0x000000070da00000|  0%| F|  |TAMS 0x000000070d800000, 0x000000070d800000| Untracked 
|  92|0x000000070da00000, 0x000000070da00000, 0x000000070dc00000|  0%| F|  |TAMS 0x000000070da00000, 0x000000070da00000| Untracked 
|  93|0x000000070dc00000, 0x000000070dc00000, 0x000000070de00000|  0%| F|  |TAMS 0x000000070dc00000, 0x000000070dc00000| Untracked 
|  94|0x000000070de00000, 0x000000070de00000, 0x000000070e000000|  0%| F|  |TAMS 0x000000070de00000, 0x000000070de00000| Untracked 
|  95|0x000000070e000000, 0x000000070e000000, 0x000000070e200000|  0%| F|  |TAMS 0x000000070e000000, 0x000000070e000000| Untracked 
|  96|0x000000070e200000, 0x000000070e200000, 0x000000070e400000|  0%| F|  |TAMS 0x000000070e200000, 0x000000070e200000| Untracked 
|  97|0x000000070e400000, 0x000000070e400000, 0x000000070e600000|  0%| F|  |TAMS 0x000000070e400000, 0x000000070e400000| Untracked 
|  98|0x000000070e600000, 0x000000070e600000, 0x000000070e800000|  0%| F|  |TAMS 0x000000070e600000, 0x000000070e600000| Untracked 
|  99|0x000000070e800000, 0x000000070e800000, 0x000000070ea00000|  0%| F|  |TAMS 0x000000070e800000, 0x000000070e800000| Untracked 
| 100|0x000000070ea00000, 0x000000070ea00000, 0x000000070ec00000|  0%| F|  |TAMS 0x000000070ea00000, 0x000000070ea00000| Untracked 
| 101|0x000000070ec00000, 0x000000070ec00000, 0x000000070ee00000|  0%| F|  |TAMS 0x000000070ec00000, 0x000000070ec00000| Untracked 
| 102|0x000000070ee00000, 0x000000070ee00000, 0x000000070f000000|  0%| F|  |TAMS 0x000000070ee00000, 0x000000070ee00000| Untracked 
| 103|0x000000070f000000, 0x000000070f000000, 0x000000070f200000|  0%| F|  |TAMS 0x000000070f000000, 0x000000070f000000| Untracked 
| 104|0x000000070f200000, 0x000000070f200000, 0x000000070f400000|  0%| F|  |TAMS 0x000000070f200000, 0x000000070f200000| Untracked 
| 105|0x000000070f400000, 0x000000070f400000, 0x000000070f600000|  0%| F|  |TAMS 0x000000070f400000, 0x000000070f400000| Untracked 
| 106|0x000000070f600000, 0x000000070f600000, 0x000000070f800000|  0%| F|  |TAMS 0x000000070f600000, 0x000000070f600000| Untracked 
| 107|0x000000070f800000, 0x000000070f800000, 0x000000070fa00000|  0%| F|  |TAMS 0x000000070f800000, 0x000000070f800000| Untracked 
| 108|0x000000070fa00000, 0x000000070fa00000, 0x000000070fc00000|  0%| F|  |TAMS 0x000000070fa00000, 0x000000070fa00000| Untracked 
| 109|0x000000070fc00000, 0x000000070fc00000, 0x000000070fe00000|  0%| F|  |TAMS 0x000000070fc00000, 0x000000070fc00000| Untracked 
| 110|0x000000070fe00000, 0x000000070fe00000, 0x0000000710000000|  0%| F|  |TAMS 0x000000070fe00000, 0x000000070fe00000| Untracked 
| 111|0x0000000710000000, 0x0000000710000000, 0x0000000710200000|  0%| F|  |TAMS 0x0000000710000000, 0x0000000710000000| Untracked 
| 112|0x0000000710200000, 0x0000000710200000, 0x0000000710400000|  0%| F|  |TAMS 0x0000000710200000, 0x0000000710200000| Untracked 
| 113|0x0000000710400000, 0x0000000710400000, 0x0000000710600000|  0%| F|  |TAMS 0x0000000710400000, 0x0000000710400000| Untracked 
| 114|0x0000000710600000, 0x0000000710600000, 0x0000000710800000|  0%| F|  |TAMS 0x0000000710600000, 0x0000000710600000| Untracked 
| 115|0x0000000710800000, 0x0000000710800000, 0x0000000710a00000|  0%| F|  |TAMS 0x0000000710800000, 0x0000000710800000| Untracked 
| 116|0x0000000710a00000, 0x0000000710a00000, 0x0000000710c00000|  0%| F|  |TAMS 0x0000000710a00000, 0x0000000710a00000| Untracked 
| 117|0x0000000710c00000, 0x0000000710c00000, 0x0000000710e00000|  0%| F|  |TAMS 0x0000000710c00000, 0x0000000710c00000| Untracked 
| 118|0x0000000710e00000, 0x0000000710e00000, 0x0000000711000000|  0%| F|  |TAMS 0x0000000710e00000, 0x0000000710e00000| Untracked 
| 119|0x0000000711000000, 0x0000000711000000, 0x0000000711200000|  0%| F|  |TAMS 0x0000000711000000, 0x0000000711000000| Untracked 
| 120|0x0000000711200000, 0x0000000711200000, 0x0000000711400000|  0%| F|  |TAMS 0x0000000711200000, 0x0000000711200000| Untracked 
| 121|0x0000000711400000, 0x0000000711470a60, 0x0000000711600000| 22%| E|  |TAMS 0x0000000711400000, 0x0000000711400000| Complete 
| 122|0x0000000711600000, 0x0000000711800000, 0x0000000711800000|100%| E|CS|TAMS 0x0000000711600000, 0x0000000711600000| Complete 
| 123|0x0000000711800000, 0x0000000711a00000, 0x0000000711a00000|100%| E|CS|TAMS 0x0000000711800000, 0x0000000711800000| Complete 
| 124|0x0000000711a00000, 0x0000000711c00000, 0x0000000711c00000|100%| E|CS|TAMS 0x0000000711a00000, 0x0000000711a00000| Complete 
| 125|0x0000000711c00000, 0x0000000711e00000, 0x0000000711e00000|100%| E|CS|TAMS 0x0000000711c00000, 0x0000000711c00000| Complete 
| 126|0x0000000711e00000, 0x0000000712000000, 0x0000000712000000|100%| E|CS|TAMS 0x0000000711e00000, 0x0000000711e00000| Complete 

Card table byte_map: [0x000002212d420000,0x000002212dc10000] _byte_map_base: 0x0000022129c0f000

Marking Bits (Prev, Next): (CMBitMap*) 0x0000022119f72760, (CMBitMap*) 0x0000022119f727a0
 Prev Bits: [0x000002212e400000, 0x0000022132378000)
 Next Bits: [0x0000022132380000, 0x00000221362f8000)

Polling page: 0x0000022117d30000

Metaspace:

Usage:
  Non-class:      1.96 MB used.
      Class:    215.25 KB used.
       Both:      2.17 MB used.

Virtual space:
  Non-class space:       64.00 MB reserved,       2.06 MB (  3%) committed,  1 nodes.
      Class space:        1.00 GB reserved,     320.00 KB ( <1%) committed,  1 nodes.
             Both:        1.06 GB reserved,       2.38 MB ( <1%) committed. 

Chunk freelists:
   Non-Class:  11.92 MB
       Class:  15.73 MB
        Both:  27.65 MB

MaxMetaspaceSize: unlimited
CompressedClassSpaceSize: 1.00 GB
Initial GC threshold: 21.00 MB
Current GC threshold: 21.00 MB
CDS: on
MetaspaceReclaimPolicy: balanced
 - commit_granule_bytes: 65536.
 - commit_granule_words: 8192.
 - virtual_space_node_default_size: 8388608.
 - enlarge_chunks_in_place: 1.
 - new_chunks_are_fully_committed: 0.
 - uncommit_free_chunks: 1.
 - use_allocation_guard: 0.
 - handle_deallocations: 1.


Internal statistics:

num_allocs_failed_limit: 0.
num_arena_births: 18.
num_arena_deaths: 0.
num_vsnodes_births: 2.
num_vsnodes_deaths: 0.
num_space_committed: 38.
num_space_uncommitted: 0.
num_chunks_returned_to_freelist: 0.
num_chunks_taken_from_freelist: 28.
num_chunk_merges: 0.
num_chunk_splits: 16.
num_chunks_enlarged: 10.
num_inconsistent_stats: 0.

CodeHeap 'non-profiled nmethods': size=120000Kb used=175Kb max_used=175Kb free=119824Kb
 bounds [0x00000221251b0000, 0x0000022125420000, 0x000002212c6e0000]
CodeHeap 'profiled nmethods': size=120000Kb used=601Kb max_used=601Kb free=119398Kb
 bounds [0x000002211d6e0000, 0x000002211d950000, 0x0000022124c10000]
CodeHeap 'non-nmethods': size=5760Kb used=1155Kb max_used=1164Kb free=4604Kb
 bounds [0x0000022124c10000, 0x0000022124e80000, 0x00000221251b0000]
 total_blobs=893 nmethods=461 adapters=345
 compilation: enabled
              stopped_count=0, restarted_count=0
 full_count=0

Compilation events (20 events):
Event: 0.175 Thread 0x000002217a43ffd0  399       4       java.lang.String::coder (15 bytes)
Event: 0.175 Thread 0x000002217a144ec0 nmethod 394 0x000002211d760c10 code [0x000002211d760dc0, 0x000002211d761058]
Event: 0.175 Thread 0x000002217a144ec0  395       3       java.util.HashSet::contains (9 bytes)
Event: 0.175 Thread 0x000002217a43ffd0 nmethod 399 0x00000221251d4010 code [0x00000221251d4180, 0x00000221251d41f8]
Event: 0.175 Thread 0x000002217a144ec0 nmethod 395 0x000002211d761190 code [0x000002211d761340, 0x000002211d7615c8]
Event: 0.175 Thread 0x000002217a144ec0  400       3       java.lang.String::lastIndexOf (29 bytes)
Event: 0.175 Thread 0x000002217a144ec0 nmethod 400 0x000002211d761710 code [0x000002211d7618e0, 0x000002211d761b78]
Event: 0.175 Thread 0x000002217a144ec0  401       3       java.util.zip.ZipUtils::CENLEN (9 bytes)
Event: 0.175 Thread 0x000002217a144ec0 nmethod 401 0x000002211d761c90 code [0x000002211d761e40, 0x000002211d762118]
Event: 0.176 Thread 0x000002217a144ec0  406       3       java.lang.invoke.MethodType::equals (56 bytes)
Event: 0.176 Thread 0x000002217a144ec0 nmethod 406 0x000002211d762290 code [0x000002211d7624c0, 0x000002211d763058]
Event: 0.176 Thread 0x000002217a144ec0  407       3       java.lang.invoke.MemberName::initResolved (53 bytes)
Event: 0.176 Thread 0x000002217a144ec0 nmethod 407 0x000002211d763210 code [0x000002211d7633a0, 0x000002211d763558]
Event: 0.176 Thread 0x000002217a144ec0  409       3       jdk.internal.org.objectweb.asm.ByteVector::putUTF8 (144 bytes)
Event: 0.177 Thread 0x000002217a144ec0 nmethod 409 0x000002211d763610 code [0x000002211d763880, 0x000002211d764368]
Event: 0.177 Thread 0x000002217a144ec0  410       3       jdk.internal.org.objectweb.asm.SymbolTable::hash (10 bytes)
Event: 0.177 Thread 0x000002217a144ec0 nmethod 410 0x000002211d764890 code [0x000002211d764a20, 0x000002211d764b48]
Event: 0.177 Thread 0x000002217a144ec0  408       3       java.lang.String::lastIndexOf (12 bytes)
Event: 0.177 Thread 0x000002217a144ec0 nmethod 408 0x000002211d764c10 code [0x000002211d764e00, 0x000002211d7651f8]
Event: 0.177 Thread 0x000002217a144ec0  413       3       java.lang.invoke.MethodType$ConcurrentWeakInternSet::expungeStaleElements (27 bytes)

GC Heap History (0 events):
No events

Dll operation events (4 events):
Event: 0.008 Loaded shared library C:\Users\Admn\.jdks\jbr-17.0.14\bin\java.dll
Event: 0.026 Loaded shared library C:\Users\Admn\.jdks\jbr-17.0.14\bin\jsvml.dll
Event: 0.109 Loaded shared library C:\Users\Admn\.jdks\jbr-17.0.14\bin\zip.dll
Event: 0.172 Loaded shared library C:\Users\Admn\.jdks\jbr-17.0.14\bin\verify.dll

Deoptimization events (20 events):
Event: 0.124 Thread 0x0000022119f05010 Uncommon trap: trap_request=0xffffffde fr.pc=0x00000221251bf850 relative=0x00000000000007f0
Event: 0.124 Thread 0x0000022119f05010 Uncommon trap: reason=class_check action=maybe_recompile pc=0x00000221251bf850 method=java.util.HashMap.putVal(ILjava/lang/Object;Ljava/lang/Object;ZZ)Ljava/lang/Object; @ 152 c2
Event: 0.124 Thread 0x0000022119f05010 DEOPT PACKING pc=0x00000221251bf850 sp=0x0000005b59ffdf60
Event: 0.124 Thread 0x0000022119f05010 DEOPT UNPACKING pc=0x0000022124c6a1a3 sp=0x0000005b59ffdee0 mode 2
Event: 0.142 Thread 0x0000022119f05010 DEOPT PACKING pc=0x000002211d6e8f43 sp=0x0000005b59ffde10
Event: 0.143 Thread 0x0000022119f05010 DEOPT UNPACKING pc=0x0000022124c6ace3 sp=0x0000005b59ffd230 mode 0
Event: 0.147 Thread 0x0000022119f05010 DEOPT PACKING pc=0x000002211d6e7a45 sp=0x0000005b59ffe1b0
Event: 0.147 Thread 0x0000022119f05010 DEOPT UNPACKING pc=0x0000022124c6ace3 sp=0x0000005b59ffd628 mode 0
Event: 0.166 Thread 0x0000022119f05010 Uncommon trap: trap_request=0xffffff45 fr.pc=0x00000221251c4798 relative=0x0000000000000178
Event: 0.166 Thread 0x0000022119f05010 Uncommon trap: reason=unstable_if action=reinterpret pc=0x00000221251c4798 method=java.util.zip.ZipFile$Source.isMetaName([BII)Z @ 57 c2
Event: 0.166 Thread 0x0000022119f05010 DEOPT PACKING pc=0x00000221251c4798 sp=0x0000005b59ffe010
Event: 0.166 Thread 0x0000022119f05010 DEOPT UNPACKING pc=0x0000022124c6a1a3 sp=0x0000005b59ffdfb8 mode 2
Event: 0.169 Thread 0x0000022119f05010 Uncommon trap: trap_request=0xffffff45 fr.pc=0x00000221251cd6dc relative=0x000000000000005c
Event: 0.169 Thread 0x0000022119f05010 Uncommon trap: reason=unstable_if action=reinterpret pc=0x00000221251cd6dc method=java.lang.String.isLatin1()Z @ 10 c2
Event: 0.169 Thread 0x0000022119f05010 DEOPT PACKING pc=0x00000221251cd6dc sp=0x0000005b59ffe450
Event: 0.169 Thread 0x0000022119f05010 DEOPT UNPACKING pc=0x0000022124c6a1a3 sp=0x0000005b59ffe3e0 mode 2
Event: 0.169 Thread 0x0000022119f05010 Uncommon trap: trap_request=0xffffff45 fr.pc=0x00000221251b15f8 relative=0x0000000000000078
Event: 0.169 Thread 0x0000022119f05010 Uncommon trap: reason=unstable_if action=reinterpret pc=0x00000221251b15f8 method=java.lang.String.isLatin1()Z @ 10 c2
Event: 0.169 Thread 0x0000022119f05010 DEOPT PACKING pc=0x00000221251b15f8 sp=0x0000005b59ffeee0
Event: 0.169 Thread 0x0000022119f05010 DEOPT UNPACKING pc=0x0000022124c6a1a3 sp=0x0000005b59ffee20 mode 2

Classes loaded (20 events):
Event: 0.176 Loading class sun/nio/ch/Net$1
Event: 0.176 Loading class java/net/ProtocolFamily
Event: 0.176 Loading class java/net/ProtocolFamily done
Event: 0.176 Loading class sun/nio/ch/Net$1 done
Event: 0.176 Loading class sun/net/ext/ExtendedSocketOptions
Event: 0.176 Loading class sun/net/ext/ExtendedSocketOptions done
Event: 0.176 Loading class jdk/net/ExtendedSocketOptions
Event: 0.176 Loading class jdk/net/ExtendedSocketOptions done
Event: 0.176 Loading class jdk/net/ExtendedSocketOptions$ExtSocketOption
Event: 0.176 Loading class java/net/SocketOption
Event: 0.176 Loading class java/net/SocketOption done
Event: 0.176 Loading class jdk/net/ExtendedSocketOptions$ExtSocketOption done
Event: 0.176 Loading class jdk/net/UnixDomainPrincipal
Event: 0.177 Loading class jdk/net/UnixDomainPrincipal done
Event: 0.177 Loading class jdk/net/ExtendedSocketOptions$PlatformSocketOptions
Event: 0.177 Loading class jdk/net/ExtendedSocketOptions$PlatformSocketOptions done
Event: 0.177 Loading class jdk/net/ExtendedSocketOptions$PlatformSocketOptions$1
Event: 0.177 Loading class jdk/net/ExtendedSocketOptions$PlatformSocketOptions$1 done
Event: 0.177 Loading class jdk/net/WindowsSocketOptions
Event: 0.177 Loading class jdk/net/WindowsSocketOptions done

Classes unloaded (0 events):
No events

Classes redefined (0 events):
No events

Internal exceptions (2 events):
Event: 0.171 Thread 0x000002217a47dc40 Exception <a 'java/lang/NoSuchMethodError'{0x0000000711757948}: 'java.lang.Object java.lang.invoke.DirectMethodHandle$Holder.invokeStaticInit(java.lang.Object)'> (0x0000000711757948) 
thrown [s\src\hotspot\share\interpreter\linkResolver.cpp, line 771]
Event: 0.176 Thread 0x000002217a13cce0 Exception <a 'java/lang/NoSuchMethodError'{0x00000007117f2c40}: 'java.lang.Object java.lang.invoke.Invokers$Holder.invokeExact_MT(java.lang.Object, java.lang.Object, java.lang.Object, java.lang.Object, java.lang.Object, java.lang.Object)'> (0x00000007117f2c40) 
thrown [s\src\hotspot\share\interpreter\linkResolver.cpp, line 771]

VM Operations (6 events):
Event: 0.101 Executing VM operation: HandshakeAllThreads
Event: 0.101 Executing VM operation: HandshakeAllThreads done
Event: 0.157 Executing VM operation: HandshakeAllThreads
Event: 0.157 Executing VM operation: HandshakeAllThreads done
Event: 0.170 Executing VM operation: HandshakeAllThreads
Event: 0.170 Executing VM operation: HandshakeAllThreads done

Memory protections (0 events):
No events

Nmethod flushes (0 events):
No events

Events (20 events):
Event: 0.026 Thread 0x0000022119f05010 Thread added: 0x0000022119f05010
Event: 0.028 Thread 0x0000022119f05010 Thread added: 0x000002217a125b50
Event: 0.028 Thread 0x0000022119f05010 Thread added: 0x000002217a126620
Event: 0.034 Thread 0x0000022119f05010 Thread added: 0x000002217a13a110
Event: 0.034 Thread 0x0000022119f05010 Thread added: 0x000002217a13cce0
Event: 0.035 Thread 0x0000022119f05010 Thread added: 0x000002217a13f7b0
Event: 0.035 Thread 0x0000022119f05010 Thread added: 0x000002217a140170
Event: 0.035 Thread 0x0000022119f05010 Thread added: 0x000002217a140f10
Event: 0.035 Thread 0x0000022119f05010 Thread added: 0x000002217a144ec0
Event: 0.035 Thread 0x0000022119f05010 Thread added: 0x000002217a14d8d0
Event: 0.096 Thread 0x0000022119f05010 Thread added: 0x0000022138f8d660
Event: 0.111 Loaded shared library C:\Users\Admn\.jdks\jbr-17.0.14\bin\instrument.dll
Event: 0.114 Loaded shared library C:\Users\Admn\.jdks\jbr-17.0.14\bin\net.dll
Event: 0.115 Loaded shared library C:\Users\Admn\.jdks\jbr-17.0.14\bin\nio.dll
Event: 0.117 Loaded shared library C:\Users\Admn\.jdks\jbr-17.0.14\bin\zip.dll
Event: 0.134 Thread 0x000002217a144ec0 Thread added: 0x000002217a43ffd0
Event: 0.156 Loaded shared library C:\Users\Admn\.jdks\jbr-17.0.14\bin\jimage.dll
Event: 0.168 Thread 0x0000022119f05010 Thread added: 0x000002217a47dc40
Event: 0.168 Thread 0x0000022119f05010 Thread added: 0x000002217a47e120
Event: 0.176 Loaded shared library C:\Users\Admn\.jssc\windows\jSSC-2.8_x86_64.dll


Dynamic libraries:
0x00007ff60f3d0000 - 0x00007ff60f3da000 	C:\Users\Admn\.jdks\jbr-17.0.14\bin\java.exe
0x00007ffba6ff0000 - 0x00007ffba7207000 	C:\WINDOWS\SYSTEM32\ntdll.dll
0x00007ffba5de0000 - 0x00007ffba5ea4000 	C:\WINDOWS\System32\KERNEL32.DLL
0x00007ffba4520000 - 0x00007ffba48c7000 	C:\WINDOWS\System32\KERNELBASE.dll
0x00007ffba4970000 - 0x00007ffba4a81000 	C:\WINDOWS\System32\ucrtbase.dll
0x00007ffb82ee0000 - 0x00007ffb82ef7000 	C:\Users\Admn\.jdks\jbr-17.0.14\bin\jli.dll
0x00007ffb82f00000 - 0x00007ffb82f1b000 	C:\Users\Admn\.jdks\jbr-17.0.14\bin\VCRUNTIME140.dll
0x00007ffba5f70000 - 0x00007ffba611e000 	C:\WINDOWS\System32\USER32.dll
0x00007ffb99820000 - 0x00007ffb99ab3000 	C:\WINDOWS\WinSxS\amd64_microsoft.windows.common-controls_6595b64144ccf1df_6.0.22621.3527_none_270e469b73872a76\COMCTL32.dll
0x00007ffba4ac0000 - 0x00007ffba4ae6000 	C:\WINDOWS\System32\win32u.dll
0x00007ffba5760000 - 0x00007ffba5807000 	C:\WINDOWS\System32\msvcrt.dll
0x00007ffba4f20000 - 0x00007ffba4f49000 	C:\WINDOWS\System32\GDI32.dll
0x00007ffba4390000 - 0x00007ffba44a9000 	C:\WINDOWS\System32\gdi32full.dll
0x00007ffba48d0000 - 0x00007ffba496a000 	C:\WINDOWS\System32\msvcp_win.dll
0x00007ffba5710000 - 0x00007ffba5741000 	C:\WINDOWS\System32\IMM32.DLL
0x00007ffb82ed0000 - 0x00007ffb82edc000 	C:\Users\Admn\.jdks\jbr-17.0.14\bin\vcruntime140_1.dll
0x00007ffb5d610000 - 0x00007ffb5d69d000 	C:\Users\Admn\.jdks\jbr-17.0.14\bin\msvcp140.dll
0x00007ffb1e6f0000 - 0x00007ffb1f37e000 	C:\Users\Admn\.jdks\jbr-17.0.14\bin\server\jvm.dll
0x00007ffba5eb0000 - 0x00007ffba5f62000 	C:\WINDOWS\System32\ADVAPI32.dll
0x00007ffba6bb0000 - 0x00007ffba6c58000 	C:\WINDOWS\System32\sechost.dll
0x00007ffba4a90000 - 0x00007ffba4ab8000 	C:\WINDOWS\System32\bcrypt.dll
0x00007ffba6c60000 - 0x00007ffba6d75000 	C:\WINDOWS\System32\RPCRT4.dll
0x00007ffba6f00000 - 0x00007ffba6f71000 	C:\WINDOWS\System32\WS2_32.dll
0x00007ffba3c90000 - 0x00007ffba3cdd000 	C:\WINDOWS\SYSTEM32\POWRPROF.dll
0x00007ffb97df0000 - 0x00007ffb97e24000 	C:\WINDOWS\SYSTEM32\WINMM.dll
0x00007ffb9c710000 - 0x00007ffb9c71a000 	C:\WINDOWS\SYSTEM32\VERSION.dll
0x00007ffba3b90000 - 0x00007ffba3ba3000 	C:\WINDOWS\SYSTEM32\UMPDC.dll
0x00007ffba3290000 - 0x00007ffba32a8000 	C:\WINDOWS\SYSTEM32\kernel.appcore.dll
0x00007ffb82ec0000 - 0x00007ffb82eca000 	C:\Users\Admn\.jdks\jbr-17.0.14\bin\jimage.dll
0x00007ffb97420000 - 0x00007ffb97652000 	C:\WINDOWS\SYSTEM32\DBGHELP.DLL
0x00007ffba5a50000 - 0x00007ffba5dd8000 	C:\WINDOWS\System32\combase.dll
0x00007ffba4e20000 - 0x00007ffba4ef7000 	C:\WINDOWS\System32\OLEAUT32.dll
0x00007ffb7f0d0000 - 0x00007ffb7f102000 	C:\WINDOWS\SYSTEM32\dbgcore.DLL
0x00007ffba4310000 - 0x00007ffba4389000 	C:\WINDOWS\System32\bcryptPrimitives.dll
0x00007ffb82640000 - 0x00007ffb8264e000 	C:\Users\Admn\.jdks\jbr-17.0.14\bin\instrument.dll
0x00007ffb6ffd0000 - 0x00007ffb6fff5000 	C:\Users\Admn\.jdks\jbr-17.0.14\bin\java.dll
0x00007ffb25120000 - 0x00007ffb251f7000 	C:\Users\Admn\.jdks\jbr-17.0.14\bin\jsvml.dll
0x00007ffba6140000 - 0x00007ffba699c000 	C:\WINDOWS\System32\SHELL32.dll
0x00007ffba2200000 - 0x00007ffba2af6000 	C:\WINDOWS\SYSTEM32\windows.storage.dll
0x00007ffba20c0000 - 0x00007ffba21fe000 	C:\WINDOWS\SYSTEM32\wintypes.dll
0x00007ffba4d20000 - 0x00007ffba4e15000 	C:\WINDOWS\System32\SHCORE.dll
0x00007ffba6b50000 - 0x00007ffba6bae000 	C:\WINDOWS\System32\shlwapi.dll
0x00007ffba4240000 - 0x00007ffba4261000 	C:\WINDOWS\SYSTEM32\profapi.dll
0x00007ffb7a2c0000 - 0x00007ffb7a2d8000 	C:\Users\Admn\.jdks\jbr-17.0.14\bin\zip.dll
0x00007ffb75c70000 - 0x00007ffb75c89000 	C:\Users\Admn\.jdks\jbr-17.0.14\bin\net.dll
0x00007ffb9eb90000 - 0x00007ffb9ecc6000 	C:\WINDOWS\SYSTEM32\WINHTTP.dll
0x00007ffba3750000 - 0x00007ffba37b9000 	C:\WINDOWS\system32\mswsock.dll
0x00007ffb74720000 - 0x00007ffb74736000 	C:\Users\Admn\.jdks\jbr-17.0.14\bin\nio.dll
0x00007ffb738b0000 - 0x00007ffb738c0000 	C:\Users\Admn\.jdks\jbr-17.0.14\bin\verify.dll
0x0000000071100000 - 0x0000000071125000 	C:\Users\Admn\.jssc\windows\jSSC-2.8_x86_64.dll
0x00007ffb7f470000 - 0x00007ffb7f479000 	C:\Users\Admn\.jdks\jbr-17.0.14\bin\extnet.dll
0x00007ffba2dd0000 - 0x00007ffba2ec8000 	C:\WINDOWS\SYSTEM32\DNSAPI.dll
0x00007ffba2da0000 - 0x00007ffba2dcd000 	C:\WINDOWS\SYSTEM32\IPHLPAPI.DLL
0x00007ffba6fa0000 - 0x00007ffba6fa9000 	C:\WINDOWS\System32\NSI.dll
0x000000006d480000 - 0x000000006d4a6000 	C:\Program Files\Bonjour\mdnsNSP.dll
0x00007ffb9cfd0000 - 0x00007ffb9cfda000 	C:\Windows\System32\rasadhlp.dll
0x00007ffb9e3e0000 - 0x00007ffb9e463000 	C:\WINDOWS\System32\fwpuclnt.dll
0x00007ffb717e0000 - 0x00007ffb717e9000 	C:\Users\Admn\.jdks\jbr-17.0.14\bin\management.dll
0x00007ffb6ffc0000 - 0x00007ffb6ffcb000 	C:\Users\Admn\.jdks\jbr-17.0.14\bin\management_ext.dll
0x00007ffba5750000 - 0x00007ffba5758000 	C:\WINDOWS\System32\PSAPI.DLL

dbghelp: loaded successfully - version: 4.0.5 - missing functions: none
symbol engine: initialized successfully - sym options: 0x614 - pdb path: .;C:\Users\Admn\.jdks\jbr-17.0.14\bin;C:\WINDOWS\SYSTEM32;C:\WINDOWS\WinSxS\amd64_microsoft.windows.common-controls_6595b64144ccf1df_6.0.22621.3527_none_270e469b73872a76;C:\Users\Admn\.jdks\jbr-17.0.14\bin\server;C:\Users\Admn\.jssc\windows;C:\Program Files\Bonjour

VM Arguments:
jvm_args: -javaagent:C:\Program Files\JetBrains\IntelliJ IDEA 2024.3.5\lib\idea_rt.jar=54128 -Dfile.encoding=UTF-8 
java_command: com.example.sattelliteserrver.test.TestSocket
java_class_path (initial): C:\Users\Admn\IdeaProjects\SattelliteServer\target\classes;C:\Users\Admn\.m2\repository\org\springframework\boot\spring-boot-starter-data-jpa\3.4.4\spring-boot-starter-data-jpa-3.4.4.jar;C:\Users\Admn\.m2\repository\org\springframework\boot\spring-boot-starter\3.4.4\spring-boot-starter-3.4.4.jar;C:\Users\Admn\.m2\repository\org\springframework\boot\spring-boot\3.4.4\spring-boot-3.4.4.jar;C:\Users\Admn\.m2\repository\org\springframework\boot\spring-boot-autoconfigure\3.4.4\spring-boot-autoconfigure-3.4.4.jar;C:\Users\Admn\.m2\repository\org\springframework\boot\spring-boot-starter-logging\3.4.4\spring-boot-starter-logging-3.4.4.jar;C:\Users\Admn\.m2\repository\ch\qos\logback\logback-classic\1.5.18\logback-classic-1.5.18.jar;C:\Users\Admn\.m2\repository\ch\qos\logback\logback-core\1.5.18\logback-core-1.5.18.jar;C:\Users\Admn\.m2\repository\org\apache\logging\log4j\log4j-to-slf4j\2.24.3\log4j-to-slf4j-2.24.3.jar;C:\Users\Admn\.m2\repository\org\apache\logging\log4j\log4j-api\2.24.3\log4j-api-2.24.3.jar;C:\Users\Admn\.m2\repository\org\slf4j\jul-to-slf4j\2.0.17\jul-to-slf4j-2.0.17.jar;C:\Users\Admn\.m2\repository\jakarta\annotation\jakarta.annotation-api\2.1.1\jakarta.annotation-api-2.1.1.jar;C:\Users\Admn\.m2\repository\org\yaml\snakeyaml\2.3\snakeyaml-2.3.jar;C:\Users\Admn\.m2\repository\org\springframework\boot\spring-boot-starter-jdbc\3.4.4\spring-boot-starter-jdbc-3.4.4.jar;C:\Users\Admn\.m2\repository\com\zaxxer\HikariCP\5.1.0\HikariCP-5.1.0.jar;C:\Users\Admn\.m2\repository\org\springframework\spring-jdbc\6.2.5\spring-jdbc-6.2.5.jar;C:\Users\Admn\.m2\repository\org\hibernate\orm\hibernate-core\6.6.11.Final\hibernate-core-6.6.11.Final.jar;C:\Users\Admn\.m2\repository\jakarta\persistence\jakarta.persistence-api\3.1.0\jakarta.persistence-api-3.1.0.jar;C:\Users\Admn\.m2\repository\jakarta\transaction\jakarta.transaction-api\2.0.1\jakarta.transaction-api-2.0.1.jar;C:\Users\Admn\.m2\repository\org\jboss\logging\jboss-logging\3.6.1.Final\jbos
Launcher Type: SUN_STANDARD

[Global flags]
     intx CICompilerCount                          = 4                                         {product} {ergonomic}
     uint ConcGCThreads                            = 3                                         {product} {ergonomic}
     uint G1ConcRefinementThreads                  = 10                                        {product} {ergonomic}
   size_t G1HeapRegionSize                         = 2097152                                   {product} {ergonomic}
    uintx GCDrainStackTargetSize                   = 64                                        {product} {ergonomic}
   size_t InitialHeapSize                          = 266338304                                 {product} {ergonomic}
   size_t MarkStackSize                            = 4194304                                   {product} {ergonomic}
   size_t MaxHeapSize                              = 4259315712                                {product} {ergonomic}
   size_t MaxNewSize                               = 2554331136                                {product} {ergonomic}
   size_t MinHeapDeltaBytes                        = 2097152                                   {product} {ergonomic}
   size_t MinHeapSize                              = 8388608                                   {product} {ergonomic}
    uintx NonNMethodCodeHeapSize                   = 5839372                                {pd product} {ergonomic}
    uintx NonProfiledCodeHeapSize                  = 122909434                              {pd product} {ergonomic}
    uintx ProfiledCodeHeapSize                     = 122909434                              {pd product} {ergonomic}
    uintx ReservedCodeCacheSize                    = 251658240                              {pd product} {ergonomic}
     bool SegmentedCodeCache                       = true                                      {product} {ergonomic}
   size_t SoftMaxHeapSize                          = 4259315712                             {manageable} {ergonomic}
     bool UseCompressedClassPointers               = true                           {product lp64_product} {ergonomic}
     bool UseCompressedOops                        = true                           {product lp64_product} {ergonomic}
     bool UseG1GC                                  = true                                      {product} {ergonomic}
     bool UseLargePagesIndividualAllocation        = false                                  {pd product} {ergonomic}

Logging:
Log output configuration:
 #0: stdout all=warning uptime,level,tags
 #1: stderr all=off uptime,level,tags

Environment Variables:
PATH=C:\Program Files (x86)\NVIDIA Corporation\PhysX\Common;C:\Program Files (x86)\Common Files\Oracle\Java\javapath;C:\WINDOWS\system32;C:\WINDOWS;C:\WINDOWS\System32\Wbem;C:\WINDOWS\System32\WindowsPowerShell\v1.0\;C:\WINDOWS\System32\OpenSSH\;C:\Program Files\MATLAB\R2016b\runtime\win64;C:\Program Files\MATLAB\R2016b\bin;C:\Program Files\MATLAB\R2016b\polyspace\bin;C:\Program Files (x86)\Windows Kits\10\Windows Performance Toolkit\;C:\Program Files\dotnet\;C:\Program Files\Microsoft SQL Server\Client SDK\ODBC\170\Tools\Binn\;C:\Program Files (x86)\Microsoft SQL Server\150\Tools\Binn\;C:\Program Files\Microsoft SQL Server\150\Tools\Binn\;C:\Program Files\Microsoft SQL Server\150\DTS\Binn\;C:\Program Files (x86)\Windows Kits\8.1\Windows Performance Toolkit\;C:\Program Files\NVIDIA Corporation\NVIDIA app\NvDLISR;C:\Program Files\Git\cmd;C:\Users\Admn\AppData\Local\Microsoft\WindowsApps;C:\Users\Admn\AppData\Local\spicetify;C:\Users\Admn\AppData\Local\Programs\Microsoft VS Code\bin;C:\Users\Admn\AppData\Local\GitHubDesktop\bin;C:\Program Files\JetBrains\IntelliJ IDEA 2024.3.5\bin;
USERNAME=Admn
OS=Windows_NT
PROCESSOR_IDENTIFIER=Intel64 Family 6 Model 167 Stepping 1, GenuineIntel
TMP=C:\Users\Admn\AppData\Local\Temp
TEMP=C:\Users\Admn\AppData\Local\Temp



Periodic native trim disabled

JNI global refs:
JNI global refs: 14, weak refs: 0

JNI global refs memory usage: 843, weak refs: 209

Process memory usage:
Resident Set Size: 85176K (0% of 16631464K total physical memory with 1628268K free physical memory)

OOME stack traces (most recent first):
Classloader memory used:
Loader bootstrap                                                                       : 294K
Loader jdk.internal.loader.ClassLoaders$AppClassLoader                                 : 9039B
Loader jdk.internal.loader.ClassLoaders$PlatformClassLoader                            : 764B


---------------  S Y S T E M  ---------------

OS:
 Windows 11 , 64 bit Build 22621 (10.0.22621.3527)
OS uptime: 0 days 4:51 hours
Hyper-V role detected

CPU: total 12 (initial active 12) (6 cores per cpu, 2 threads per core) family 6 model 167 stepping 1 microcode 0x40, cx8, cmov, fxsr, ht, mmx, 3dnowpref, sse, sse2, sse3, ssse3, sse4.1, sse4.2, popcnt, lzcnt, tsc, tscinvbit, avx, avx2, aes, erms, clmul, bmi1, bmi2, adx, avx512f, avx512dq, avx512cd, avx512bw, avx512vl, sha, fma, vzeroupper, avx512_vpopcntdq, avx512_vpclmulqdq, avx512_vaes, avx512_vnni, clflush, clflushopt, avx512_vbmi2, avx512_vbmi, hv
Processor Information for all 12 processors :
  Max Mhz: 2592, Current Mhz: 2592, Mhz Limit: 2592

Memory: 4k page, system-wide physical 16241M (1589M free)
TotalPageFile size 20081M (AvailPageFile size 3086M)
current process WorkingSet (physical memory assigned to process): 83M, peak: 83M
current process commit charge ("private bytes"): 381M, peak: 381M

vm_info: OpenJDK 64-Bit Server VM (17.0.14+1-b1367.22) for windows-amd64 JRE (17.0.14+1-b1367.22), built on 2025-01-30 by "builduser" with MS VC++ 16.10 / 16.11 (VS2019)

END.
