#
# A fatal error has been detected by the Java Runtime Environment:
#
#  EXCEPTION_ACCESS_VIOLATION (0xc0000005) at pc=0x000000007110b5db, pid=19716, tid=20360
#
# JRE version: OpenJDK Runtime Environment JBR-17.0.14+1-1367.22-nomod (17.0.14+1) (build 17.0.14+1-b1367.22)
# Java VM: OpenJDK 64-Bit Server VM JBR-17.0.14+1-1367.22-nomod (17.0.14+1-b1367.22, mixed mode, sharing, tiered, compressed oops, compressed class ptrs, g1 gc, windows-amd64)
# Problematic frame:
# C  [jSSC-2.8_x86_64.dll+0xb5db]
#
# No core dump will be written. Minidumps are not enabled by default on client versions of Windows
#
# If you would like to submit a bug report, please visit:
#   https://youtrack.jetbrains.com/issues/JBR
# The crash happened outside the Java Virtual Machine in native code.
# See problematic frame for where to report the bug.
#

---------------  S U M M A R Y ------------

Command Line: -javaagent:C:\Program Files\JetBrains\IntelliJ IDEA 2024.3.5\lib\idea_rt.jar=54052 -Dfile.encoding=UTF-8 com.example.sattelliteserrver.test.TestSocket

Host: 11th Gen Intel(R) Core(TM) i5-11400F @ 2.60GHz, 12 cores, 15G,  Windows 11 , 64 bit Build 22621 (10.0.22621.3527)
Time: Mon May 12 22:05:06 2025 SE Asia Standard Time elapsed time: 0.994104 seconds (0d 0h 0m 0s)

---------------  T H R E A D  ---------------

Current thread (0x0000029c7fcd4dc0):  JavaThread "main" [_thread_in_native, id=20360, stack(0x000000c56c700000,0x000000c56c800000)]

Stack: [0x000000c56c700000,0x000000c56c800000],  sp=0x000000c56c7ff230,  free space=1020k
Native frames: (J=compiled Java code, j=interpreted, Vv=VM code, C=native code)
C  [jSSC-2.8_x86_64.dll+0xb5db]

Java frames: (J=compiled Java code, j=interpreted, Vv=VM code)
j  jssc.SerialNativeInterface.openPort(Ljava/lang/String;Z)J+0
j  jssc.SerialPort.openPort()Z+65
j  com.example.sattelliteserrver.serial.SerialServerController.start(Ljava/lang/String;)V+16
j  com.example.sattelliteserrver.test.TestSocket.main([Ljava/lang/String;)V+9
v  ~StubRoutines::call_stub

siginfo: EXCEPTION_ACCESS_VIOLATION (0xc0000005), reading address 0x000000007f871efc


Registers:
RAX=0x000000007f871efc, RBX=0x000000c56c7ff2a0, RCX=0x00007ffba708fb34, RDX=0x0000000000000000
RSP=0x000000c56c7ff230, RBP=0x000000c56c7ff3b0, RSI=0x0000029c7fcd5078, RDI=0x0000000000000644
R8 =0x000000c56c7ff128, R9 =0x0000000000000000, R10=0x0000000000000000, R11=0x0000000000000246
R12=0x000000c56c7ff468, R13=0x0000029c20d1e300, R14=0x000000c56c7ff360, R15=0x0000029c7fcd4dc0
RIP=0x000000007110b5db, EFLAGS=0x0000000000010206


Register to memory mapping:

RIP=0x000000007110b5db jSSC-2.8_x86_64.dll
RAX=0x000000007f871efc is an unknown value
RBX=0x000000c56c7ff2a0 is pointing into the stack for thread: 0x0000029c7fcd4dc0
RCX=0x00007ffba708fb34 ntdll.dll
RDX=0x0 is NULL
RSP=0x000000c56c7ff230 is pointing into the stack for thread: 0x0000029c7fcd4dc0
RBP=0x000000c56c7ff3b0 is pointing into the stack for thread: 0x0000029c7fcd4dc0
RSI=0x0000029c7fcd5078 points into unknown readable memory: 0x00007ffb1f223820 | 20 38 22 1f fb 7f 00 00
RDI=0x0000000000000644 is an unknown value
R8 =0x000000c56c7ff128 is pointing into the stack for thread: 0x0000029c7fcd4dc0
R9 =0x0 is NULL
R10=0x0 is NULL
R11=0x0000000000000246 is an unknown value
R12=0x000000c56c7ff468 is pointing into the stack for thread: 0x0000029c7fcd4dc0
R13=0x0000029c20d1e300 points into unknown readable memory: 0x0000000800000000 | 00 00 00 00 08 00 00 00
R14=0x000000c56c7ff360 is pointing into the stack for thread: 0x0000029c7fcd4dc0
R15=0x0000029c7fcd4dc0 is a thread


Top of Stack: (sp=0x000000c56c7ff230)
0x000000c56c7ff230:   0000000000000000 0000000000000000
0x000000c56c7ff240:   000000007110b230 00007ffb1e7970d3
0x000000c56c7ff250:   0000029c7fcd4dc0 0000000000000004
0x000000c56c7ff260:   0000029c7fcd5078 0000000000000644
0x000000c56c7ff270:   000000c56c7ff3b0 0000000071112590
0x000000c56c7ff280:   0000029c20d1e2f0 0000029c7f650000
0x000000c56c7ff290:   000000c56c7ff3b0 0000000000000000
0x000000c56c7ff2a0:   0000000000000000 0000000000000000
0x000000c56c7ff2b0:   0000000000000644 00007ffba498364b
0x000000c56c7ff2c0:   0000029c20d1e300 0000029c7fcd5078
0x000000c56c7ff2d0:   0000000071113500 0000000071113be8
0x000000c56c7ff2e0:   000000c56c7ff310 0000000071112641
0x000000c56c7ff2f0:   000000c56c7ff280 0000000000000000
0x000000c56c7ff300:   0000000000000000 0000000000000000
0x000000c56c7ff310:   000000c56c7ff3b0 0000000071101595
0x000000c56c7ff320:   000000000000001c 000000c56c7ff370
0x000000c56c7ff330:   0000000000000004 000000c56c7ff3b0
0x000000c56c7ff340:   0000029c00000003 00007ffb40000000
0x000000c56c7ff350:   0000000000000000 0000029c0c09c311
0x000000c56c7ff360:   364d4f435c2e5c5c 0000000711742500
0x000000c56c7ff370:   000002005c2e5c5c 0000029c7fcd4dc0
0x000000c56c7ff380:   0000029c624120d8 0000000000000213
0x000000c56c7ff390:   0000029c620271b0 0000000000000000
0x000000c56c7ff3a0:   0000029c624120d8 000000c56c7ff470
0x000000c56c7ff3b0:   000000c56c7ff440 0000029c0c07d6e1
0x000000c56c7ff3c0:   0000029c620271b0 0000029c0c07d412
0x000000c56c7ff3d0:   0000029c624120d8 0000000000000213
0x000000c56c7ff3e0:   000000c56c7ff460 0000029c0c079679
0x000000c56c7ff3f0:   0000029c0c07d3b6 000000c56c7ff3f8
0x000000c56c7ff400:   0000029c624120d8 000000c56c7ff470
0x000000c56c7ff410:   0000029c62413018 0000000000000000
0x000000c56c7ff420:   00000007117424b8 0000029c624120d8 

Instructions: (pc=0x000000007110b5db)
0x000000007110b4db:   48 85 c0 74 bf 44 8b 03 45 85 c0 0f 84 77 ff ff
0x000000007110b4eb:   ff eb 9f 66 90 e8 8b fe ff ff 48 89 05 0c 34 01
0x000000007110b4fb:   00 eb ad 66 90 e8 7b fe ff ff 48 89 05 fc 33 01
0x000000007110b50b:   00 eb 8b e8 8d fe ff ff c7 03 01 00 00 00 e9 6f
0x000000007110b51b:   ff ff ff 66 90 55 48 89 e5 56 53 48 83 ec 20 48
0x000000007110b52b:   8b 05 d7 33 01 00 48 8b 31 48 89 cb 48 85 c0 74
0x000000007110b53b:   56 44 8b 18 45 85 db 78 42 48 8b 05 bd 33 01 00
0x000000007110b54b:   48 85 c0 74 50 44 8b 10 45 85 d2 74 1d 48 89 f1
0x000000007110b55b:   e8 d0 fd ff ff 48 8b 13 48 8d 42 40 48 8b 48 08
0x000000007110b56b:   48 8b 6a 40 48 8b 60 10 ff e1 48 8b 05 9c 33 01
0x000000007110b57b:   00 48 85 c0 74 2d 48 89 30 eb da e8 b5 fe ff ff
0x000000007110b58b:   0f 1f 44 00 00 eb b2 e8 e9 fd ff ff 48 89 05 6a
0x000000007110b59b:   33 01 00 eb 9c e8 db fd ff ff 48 89 05 5c 33 01
0x000000007110b5ab:   00 eb a2 e8 3d fd ff ff 48 89 05 5e 33 01 00 eb
0x000000007110b5bb:   c5 0f 1f 40 00 55 57 56 53 48 83 ec 28 48 8b 05
0x000000007110b5cb:   39 33 01 00 48 89 cb 48 85 c0 0f 84 c5 00 00 00
0x000000007110b5db:   8b 38 85 ff 0f 88 ab 00 00 00 48 8b 05 1c 33 01
0x000000007110b5eb:   00 48 85 c0 0f 84 bc 00 00 00 8b 30 85 f6 74 57
0x000000007110b5fb:   48 8b 05 0e 33 01 00 48 85 c0 0f 84 e5 00 00 00
0x000000007110b60b:   8b 28 48 8b 35 10 5e 01 00 ff d6 89 c7 89 e9 ff
0x000000007110b61b:   15 f4 5e 01 00 89 f9 48 89 c5 ff 15 b9 5e 01 00
0x000000007110b62b:   48 8b 05 de 32 01 00 48 89 2b 48 85 c0 74 46 48
0x000000007110b63b:   89 da 8b 08 ff 15 d7 5e 01 00 85 c0 74 27 48 83
0x000000007110b64b:   c4 28 5b 5e 5f 5d c3 48 8b 05 bf 32 01 00 48 85
0x000000007110b65b:   c0 74 64 48 8b 10 48 89 13 48 89 18 48 83 c4 28
0x000000007110b66b:   5b 5e 5f 5d c3 48 89 f2 48 83 c4 28 5b 5e 5f 5d
0x000000007110b67b:   48 ff e2 66 90 e8 8b fc ff ff 48 89 05 84 32 01
0x000000007110b68b:   00 eb ac 66 90 e8 ab fd ff ff e9 4b ff ff ff 66
0x000000007110b69b:   0f 1f 44 00 00 e8 db fc ff ff 48 89 05 5c 32 01
0x000000007110b6ab:   00 e9 2a ff ff ff e8 ca fc ff ff 48 89 05 4b 32
0x000000007110b6bb:   01 00 e9 33 ff ff ff e8 29 fc ff ff 48 89 05 4a
0x000000007110b6cb:   32 01 00 48 8b 10 48 85 c0 48 89 13 75 8b e8 12 


Stack slot to memory mapping:
stack at sp + 0 slots: 0x0 is NULL
stack at sp + 1 slots: 0x0 is NULL
stack at sp + 2 slots: 0x000000007110b230 jSSC-2.8_x86_64.dll
stack at sp + 3 slots: 0x00007ffb1e7970d3 jvm.dll::AllocateHeap + 0x43
stack at sp + 4 slots: 0x0000029c7fcd4dc0 is a thread
stack at sp + 5 slots: 0x0000000000000004 is an unknown value
stack at sp + 6 slots: 0x0000029c7fcd5078 points into unknown readable memory: 0x00007ffb1f223820 | 20 38 22 1f fb 7f 00 00
stack at sp + 7 slots: 0x0000000000000644 is an unknown value


---------------  P R O C E S S  ---------------

Threads class SMR info:
_java_thread_list=0x0000029c67272a50, length=18, elements={
0x0000029c7fcd4dc0, 0x0000029c200827d0, 0x0000029c20083ab0, 0x0000029c20093450,
0x0000029c20095f30, 0x0000029c20098d20, 0x0000029c200995f0, 0x0000029c2009a2a0,
0x0000029c2009b470, 0x0000029c2009f280, 0x0000029c2006af60, 0x0000029c6619af50,
0x0000029c6619b430, 0x0000029c662019c0, 0x0000029c664fbc70, 0x0000029c667f87a0,
0x0000029c6717d0b0, 0x0000029c664158d0
}

Java Threads: ( => current thread )
=>0x0000029c7fcd4dc0 JavaThread "main" [_thread_in_native, id=20360, stack(0x000000c56c700000,0x000000c56c800000)]
  0x0000029c200827d0 JavaThread "Reference Handler" daemon [_thread_blocked, id=1796, stack(0x000000c56ce00000,0x000000c56cf00000)]
  0x0000029c20083ab0 JavaThread "Finalizer" daemon [_thread_blocked, id=9748, stack(0x000000c56cf00000,0x000000c56d000000)]
  0x0000029c20093450 JavaThread "Signal Dispatcher" daemon [_thread_blocked, id=8912, stack(0x000000c56d000000,0x000000c56d100000)]
  0x0000029c20095f30 JavaThread "Attach Listener" daemon [_thread_blocked, id=8176, stack(0x000000c56d100000,0x000000c56d200000)]
  0x0000029c20098d20 JavaThread "Service Thread" daemon [_thread_blocked, id=7004, stack(0x000000c56d200000,0x000000c56d300000)]
  0x0000029c200995f0 JavaThread "Monitor Deflation Thread" daemon [_thread_blocked, id=3932, stack(0x000000c56d300000,0x000000c56d400000)]
  0x0000029c2009a2a0 JavaThread "C2 CompilerThread0" daemon [_thread_blocked, id=10324, stack(0x000000c56d400000,0x000000c56d500000)]
  0x0000029c2009b470 JavaThread "C1 CompilerThread0" daemon [_thread_blocked, id=12788, stack(0x000000c56d500000,0x000000c56d600000)]
  0x0000029c2009f280 JavaThread "Sweeper thread" daemon [_thread_blocked, id=6024, stack(0x000000c56d600000,0x000000c56d700000)]
  0x0000029c2006af60 JavaThread "Common-Cleaner" daemon [_thread_blocked, id=6184, stack(0x000000c56d700000,0x000000c56d800000)]
  0x0000029c6619af50 JavaThread "Monitor Ctrl-Break" daemon [_thread_in_native, id=12264, stack(0x000000c56d800000,0x000000c56d900000)]
  0x0000029c6619b430 JavaThread "Notification Thread" daemon [_thread_blocked, id=18384, stack(0x000000c56d900000,0x000000c56da00000)]
  0x0000029c662019c0 JavaThread "C2 CompilerThread1" daemon [_thread_blocked, id=3956, stack(0x000000c56db00000,0x000000c56dc00000)]
  0x0000029c664fbc70 JavaThread "RMI TCP Accept-0" daemon [_thread_in_native, id=18452, stack(0x000000c56dc00000,0x000000c56dd00000)]
  0x0000029c667f87a0 JavaThread "RMI TCP Connection(1)-26.92.4.69" daemon [_thread_in_native, id=18856, stack(0x000000c56dd00000,0x000000c56de00000)]
  0x0000029c6717d0b0 JavaThread "RMI Scheduler(0)" daemon [_thread_blocked, id=8316, stack(0x000000c56de00000,0x000000c56df00000)]
  0x0000029c664158d0 JavaThread "JMX server connection timeout 20" daemon [_thread_blocked, id=12584, stack(0x000000c56df00000,0x000000c56e000000)]

Other Threads:
  0x0000029c2007dc50 VMThread "VM Thread" [stack: 0x000000c56cd00000,0x000000c56ce00000] [id=9676]
  0x0000029c20c4d850 WatcherThread [stack: 0x000000c56da00000,0x000000c56db00000] [id=18320]
  0x0000029c7fd42210 GCTaskThread "GC Thread#0" [stack: 0x000000c56c800000,0x000000c56c900000] [id=9936]
  0x0000029c7fd52e40 ConcurrentGCThread "G1 Main Marker" [stack: 0x000000c56c900000,0x000000c56ca00000] [id=9940]
  0x0000029c7fd53770 ConcurrentGCThread "G1 Conc#0" [stack: 0x000000c56ca00000,0x000000c56cb00000] [id=17268]
  0x0000029c1ffb2890 ConcurrentGCThread "G1 Refine#0" [stack: 0x000000c56cb00000,0x000000c56cc00000] [id=8028]
  0x0000029c1ffb32e0 ConcurrentGCThread "G1 Service" [stack: 0x000000c56cc00000,0x000000c56cd00000] [id=9548]

Threads with active compile tasks:

VM state: not at safepoint (normal execution)

VM Mutex/Monitor currently owned by a thread: None

Heap address: 0x0000000702200000, size: 4062 MB, Compressed Oops mode: Zero based, Oop shift amount: 3

CDS archive(s) mapped at: [0x0000029c21000000-0x0000029c21c00000-0x0000029c21c00000), size 12582912, SharedBaseAddress: 0x0000029c21000000, ArchiveRelocationMode: 1.
Compressed class space mapped at: 0x0000029c22000000-0x0000029c62000000, reserved size: 1073741824
Narrow klass base: 0x0000029c21000000, Narrow klass shift: 0, Narrow klass range: 0x100000000

GC Precious Log:
 CPUs: 12 total, 12 available
 Memory: 16241M
 Large Page Support: Disabled
 NUMA Support: Disabled
 Compressed Oops: Enabled (Zero based)
 Heap Region Size: 2M
 Heap Min Capacity: 8M
 Heap Initial Capacity: 254M
 Heap Max Capacity: 4062M
 Pre-touch: Disabled
 Parallel Workers: 10
 Concurrent Workers: 3
 Concurrent Refinement Workers: 10
 Periodic GC: Disabled

Heap:
 garbage-first heap   total 260096K, used 12288K [0x0000000702200000, 0x0000000800000000)
  region size 2048K, 8 young (16384K), 0 survivors (0K)
 Metaspace       used 6086K, committed 6336K, reserved 1114112K
  class space    used 712K, committed 832K, reserved 1048576K

Heap Regions: E=young(eden), S=young(survivor), O=old, HS=humongous(starts), HC=humongous(continues), CS=collection set, F=free, OA=open archive, CA=closed archive, TAMS=top-at-mark-start (previous, next)
|   0|0x0000000702200000, 0x0000000702200000, 0x0000000702400000|  0%| F|  |TAMS 0x0000000702200000, 0x0000000702200000| Untracked 
|   1|0x0000000702400000, 0x0000000702400000, 0x0000000702600000|  0%| F|  |TAMS 0x0000000702400000, 0x0000000702400000| Untracked 
|   2|0x0000000702600000, 0x0000000702600000, 0x0000000702800000|  0%| F|  |TAMS 0x0000000702600000, 0x0000000702600000| Untracked 
|   3|0x0000000702800000, 0x0000000702800000, 0x0000000702a00000|  0%| F|  |TAMS 0x0000000702800000, 0x0000000702800000| Untracked 
|   4|0x0000000702a00000, 0x0000000702a00000, 0x0000000702c00000|  0%| F|  |TAMS 0x0000000702a00000, 0x0000000702a00000| Untracked 
|   5|0x0000000702c00000, 0x0000000702c00000, 0x0000000702e00000|  0%| F|  |TAMS 0x0000000702c00000, 0x0000000702c00000| Untracked 
|   6|0x0000000702e00000, 0x0000000702e00000, 0x0000000703000000|  0%| F|  |TAMS 0x0000000702e00000, 0x0000000702e00000| Untracked 
|   7|0x0000000703000000, 0x0000000703000000, 0x0000000703200000|  0%| F|  |TAMS 0x0000000703000000, 0x0000000703000000| Untracked 
|   8|0x0000000703200000, 0x0000000703200000, 0x0000000703400000|  0%| F|  |TAMS 0x0000000703200000, 0x0000000703200000| Untracked 
|   9|0x0000000703400000, 0x0000000703400000, 0x0000000703600000|  0%| F|  |TAMS 0x0000000703400000, 0x0000000703400000| Untracked 
|  10|0x0000000703600000, 0x0000000703600000, 0x0000000703800000|  0%| F|  |TAMS 0x0000000703600000, 0x0000000703600000| Untracked 
|  11|0x0000000703800000, 0x0000000703800000, 0x0000000703a00000|  0%| F|  |TAMS 0x0000000703800000, 0x0000000703800000| Untracked 
|  12|0x0000000703a00000, 0x0000000703a00000, 0x0000000703c00000|  0%| F|  |TAMS 0x0000000703a00000, 0x0000000703a00000| Untracked 
|  13|0x0000000703c00000, 0x0000000703c00000, 0x0000000703e00000|  0%| F|  |TAMS 0x0000000703c00000, 0x0000000703c00000| Untracked 
|  14|0x0000000703e00000, 0x0000000703e00000, 0x0000000704000000|  0%| F|  |TAMS 0x0000000703e00000, 0x0000000703e00000| Untracked 
|  15|0x0000000704000000, 0x0000000704000000, 0x0000000704200000|  0%| F|  |TAMS 0x0000000704000000, 0x0000000704000000| Untracked 
|  16|0x0000000704200000, 0x0000000704200000, 0x0000000704400000|  0%| F|  |TAMS 0x0000000704200000, 0x0000000704200000| Untracked 
|  17|0x0000000704400000, 0x0000000704400000, 0x0000000704600000|  0%| F|  |TAMS 0x0000000704400000, 0x0000000704400000| Untracked 
|  18|0x0000000704600000, 0x0000000704600000, 0x0000000704800000|  0%| F|  |TAMS 0x0000000704600000, 0x0000000704600000| Untracked 
|  19|0x0000000704800000, 0x0000000704800000, 0x0000000704a00000|  0%| F|  |TAMS 0x0000000704800000, 0x0000000704800000| Untracked 
|  20|0x0000000704a00000, 0x0000000704a00000, 0x0000000704c00000|  0%| F|  |TAMS 0x0000000704a00000, 0x0000000704a00000| Untracked 
|  21|0x0000000704c00000, 0x0000000704c00000, 0x0000000704e00000|  0%| F|  |TAMS 0x0000000704c00000, 0x0000000704c00000| Untracked 
|  22|0x0000000704e00000, 0x0000000704e00000, 0x0000000705000000|  0%| F|  |TAMS 0x0000000704e00000, 0x0000000704e00000| Untracked 
|  23|0x0000000705000000, 0x0000000705000000, 0x0000000705200000|  0%| F|  |TAMS 0x0000000705000000, 0x0000000705000000| Untracked 
|  24|0x0000000705200000, 0x0000000705200000, 0x0000000705400000|  0%| F|  |TAMS 0x0000000705200000, 0x0000000705200000| Untracked 
|  25|0x0000000705400000, 0x0000000705400000, 0x0000000705600000|  0%| F|  |TAMS 0x0000000705400000, 0x0000000705400000| Untracked 
|  26|0x0000000705600000, 0x0000000705600000, 0x0000000705800000|  0%| F|  |TAMS 0x0000000705600000, 0x0000000705600000| Untracked 
|  27|0x0000000705800000, 0x0000000705800000, 0x0000000705a00000|  0%| F|  |TAMS 0x0000000705800000, 0x0000000705800000| Untracked 
|  28|0x0000000705a00000, 0x0000000705a00000, 0x0000000705c00000|  0%| F|  |TAMS 0x0000000705a00000, 0x0000000705a00000| Untracked 
|  29|0x0000000705c00000, 0x0000000705c00000, 0x0000000705e00000|  0%| F|  |TAMS 0x0000000705c00000, 0x0000000705c00000| Untracked 
|  30|0x0000000705e00000, 0x0000000705e00000, 0x0000000706000000|  0%| F|  |TAMS 0x0000000705e00000, 0x0000000705e00000| Untracked 
|  31|0x0000000706000000, 0x0000000706000000, 0x0000000706200000|  0%| F|  |TAMS 0x0000000706000000, 0x0000000706000000| Untracked 
|  32|0x0000000706200000, 0x0000000706200000, 0x0000000706400000|  0%| F|  |TAMS 0x0000000706200000, 0x0000000706200000| Untracked 
|  33|0x0000000706400000, 0x0000000706400000, 0x0000000706600000|  0%| F|  |TAMS 0x0000000706400000, 0x0000000706400000| Untracked 
|  34|0x0000000706600000, 0x0000000706600000, 0x0000000706800000|  0%| F|  |TAMS 0x0000000706600000, 0x0000000706600000| Untracked 
|  35|0x0000000706800000, 0x0000000706800000, 0x0000000706a00000|  0%| F|  |TAMS 0x0000000706800000, 0x0000000706800000| Untracked 
|  36|0x0000000706a00000, 0x0000000706a00000, 0x0000000706c00000|  0%| F|  |TAMS 0x0000000706a00000, 0x0000000706a00000| Untracked 
|  37|0x0000000706c00000, 0x0000000706c00000, 0x0000000706e00000|  0%| F|  |TAMS 0x0000000706c00000, 0x0000000706c00000| Untracked 
|  38|0x0000000706e00000, 0x0000000706e00000, 0x0000000707000000|  0%| F|  |TAMS 0x0000000706e00000, 0x0000000706e00000| Untracked 
|  39|0x0000000707000000, 0x0000000707000000, 0x0000000707200000|  0%| F|  |TAMS 0x0000000707000000, 0x0000000707000000| Untracked 
|  40|0x0000000707200000, 0x0000000707200000, 0x0000000707400000|  0%| F|  |TAMS 0x0000000707200000, 0x0000000707200000| Untracked 
|  41|0x0000000707400000, 0x0000000707400000, 0x0000000707600000|  0%| F|  |TAMS 0x0000000707400000, 0x0000000707400000| Untracked 
|  42|0x0000000707600000, 0x0000000707600000, 0x0000000707800000|  0%| F|  |TAMS 0x0000000707600000, 0x0000000707600000| Untracked 
|  43|0x0000000707800000, 0x0000000707800000, 0x0000000707a00000|  0%| F|  |TAMS 0x0000000707800000, 0x0000000707800000| Untracked 
|  44|0x0000000707a00000, 0x0000000707a00000, 0x0000000707c00000|  0%| F|  |TAMS 0x0000000707a00000, 0x0000000707a00000| Untracked 
|  45|0x0000000707c00000, 0x0000000707c00000, 0x0000000707e00000|  0%| F|  |TAMS 0x0000000707c00000, 0x0000000707c00000| Untracked 
|  46|0x0000000707e00000, 0x0000000707e00000, 0x0000000708000000|  0%| F|  |TAMS 0x0000000707e00000, 0x0000000707e00000| Untracked 
|  47|0x0000000708000000, 0x0000000708000000, 0x0000000708200000|  0%| F|  |TAMS 0x0000000708000000, 0x0000000708000000| Untracked 
|  48|0x0000000708200000, 0x0000000708200000, 0x0000000708400000|  0%| F|  |TAMS 0x0000000708200000, 0x0000000708200000| Untracked 
|  49|0x0000000708400000, 0x0000000708400000, 0x0000000708600000|  0%| F|  |TAMS 0x0000000708400000, 0x0000000708400000| Untracked 
|  50|0x0000000708600000, 0x0000000708600000, 0x0000000708800000|  0%| F|  |TAMS 0x0000000708600000, 0x0000000708600000| Untracked 
|  51|0x0000000708800000, 0x0000000708800000, 0x0000000708a00000|  0%| F|  |TAMS 0x0000000708800000, 0x0000000708800000| Untracked 
|  52|0x0000000708a00000, 0x0000000708a00000, 0x0000000708c00000|  0%| F|  |TAMS 0x0000000708a00000, 0x0000000708a00000| Untracked 
|  53|0x0000000708c00000, 0x0000000708c00000, 0x0000000708e00000|  0%| F|  |TAMS 0x0000000708c00000, 0x0000000708c00000| Untracked 
|  54|0x0000000708e00000, 0x0000000708e00000, 0x0000000709000000|  0%| F|  |TAMS 0x0000000708e00000, 0x0000000708e00000| Untracked 
|  55|0x0000000709000000, 0x0000000709000000, 0x0000000709200000|  0%| F|  |TAMS 0x0000000709000000, 0x0000000709000000| Untracked 
|  56|0x0000000709200000, 0x0000000709200000, 0x0000000709400000|  0%| F|  |TAMS 0x0000000709200000, 0x0000000709200000| Untracked 
|  57|0x0000000709400000, 0x0000000709400000, 0x0000000709600000|  0%| F|  |TAMS 0x0000000709400000, 0x0000000709400000| Untracked 
|  58|0x0000000709600000, 0x0000000709600000, 0x0000000709800000|  0%| F|  |TAMS 0x0000000709600000, 0x0000000709600000| Untracked 
|  59|0x0000000709800000, 0x0000000709800000, 0x0000000709a00000|  0%| F|  |TAMS 0x0000000709800000, 0x0000000709800000| Untracked 
|  60|0x0000000709a00000, 0x0000000709a00000, 0x0000000709c00000|  0%| F|  |TAMS 0x0000000709a00000, 0x0000000709a00000| Untracked 
|  61|0x0000000709c00000, 0x0000000709c00000, 0x0000000709e00000|  0%| F|  |TAMS 0x0000000709c00000, 0x0000000709c00000| Untracked 
|  62|0x0000000709e00000, 0x0000000709e00000, 0x000000070a000000|  0%| F|  |TAMS 0x0000000709e00000, 0x0000000709e00000| Untracked 
|  63|0x000000070a000000, 0x000000070a000000, 0x000000070a200000|  0%| F|  |TAMS 0x000000070a000000, 0x000000070a000000| Untracked 
|  64|0x000000070a200000, 0x000000070a200000, 0x000000070a400000|  0%| F|  |TAMS 0x000000070a200000, 0x000000070a200000| Untracked 
|  65|0x000000070a400000, 0x000000070a400000, 0x000000070a600000|  0%| F|  |TAMS 0x000000070a400000, 0x000000070a400000| Untracked 
|  66|0x000000070a600000, 0x000000070a600000, 0x000000070a800000|  0%| F|  |TAMS 0x000000070a600000, 0x000000070a600000| Untracked 
|  67|0x000000070a800000, 0x000000070a800000, 0x000000070aa00000|  0%| F|  |TAMS 0x000000070a800000, 0x000000070a800000| Untracked 
|  68|0x000000070aa00000, 0x000000070aa00000, 0x000000070ac00000|  0%| F|  |TAMS 0x000000070aa00000, 0x000000070aa00000| Untracked 
|  69|0x000000070ac00000, 0x000000070ac00000, 0x000000070ae00000|  0%| F|  |TAMS 0x000000070ac00000, 0x000000070ac00000| Untracked 
|  70|0x000000070ae00000, 0x000000070ae00000, 0x000000070b000000|  0%| F|  |TAMS 0x000000070ae00000, 0x000000070ae00000| Untracked 
|  71|0x000000070b000000, 0x000000070b000000, 0x000000070b200000|  0%| F|  |TAMS 0x000000070b000000, 0x000000070b000000| Untracked 
|  72|0x000000070b200000, 0x000000070b200000, 0x000000070b400000|  0%| F|  |TAMS 0x000000070b200000, 0x000000070b200000| Untracked 
|  73|0x000000070b400000, 0x000000070b400000, 0x000000070b600000|  0%| F|  |TAMS 0x000000070b400000, 0x000000070b400000| Untracked 
|  74|0x000000070b600000, 0x000000070b600000, 0x000000070b800000|  0%| F|  |TAMS 0x000000070b600000, 0x000000070b600000| Untracked 
|  75|0x000000070b800000, 0x000000070b800000, 0x000000070ba00000|  0%| F|  |TAMS 0x000000070b800000, 0x000000070b800000| Untracked 
|  76|0x000000070ba00000, 0x000000070ba00000, 0x000000070bc00000|  0%| F|  |TAMS 0x000000070ba00000, 0x000000070ba00000| Untracked 
|  77|0x000000070bc00000, 0x000000070bc00000, 0x000000070be00000|  0%| F|  |TAMS 0x000000070bc00000, 0x000000070bc00000| Untracked 
|  78|0x000000070be00000, 0x000000070be00000, 0x000000070c000000|  0%| F|  |TAMS 0x000000070be00000, 0x000000070be00000| Untracked 
|  79|0x000000070c000000, 0x000000070c000000, 0x000000070c200000|  0%| F|  |TAMS 0x000000070c000000, 0x000000070c000000| Untracked 
|  80|0x000000070c200000, 0x000000070c200000, 0x000000070c400000|  0%| F|  |TAMS 0x000000070c200000, 0x000000070c200000| Untracked 
|  81|0x000000070c400000, 0x000000070c400000, 0x000000070c600000|  0%| F|  |TAMS 0x000000070c400000, 0x000000070c400000| Untracked 
|  82|0x000000070c600000, 0x000000070c600000, 0x000000070c800000|  0%| F|  |TAMS 0x000000070c600000, 0x000000070c600000| Untracked 
|  83|0x000000070c800000, 0x000000070c800000, 0x000000070ca00000|  0%| F|  |TAMS 0x000000070c800000, 0x000000070c800000| Untracked 
|  84|0x000000070ca00000, 0x000000070ca00000, 0x000000070cc00000|  0%| F|  |TAMS 0x000000070ca00000, 0x000000070ca00000| Untracked 
|  85|0x000000070cc00000, 0x000000070cc00000, 0x000000070ce00000|  0%| F|  |TAMS 0x000000070cc00000, 0x000000070cc00000| Untracked 
|  86|0x000000070ce00000, 0x000000070ce00000, 0x000000070d000000|  0%| F|  |TAMS 0x000000070ce00000, 0x000000070ce00000| Untracked 
|  87|0x000000070d000000, 0x000000070d000000, 0x000000070d200000|  0%| F|  |TAMS 0x000000070d000000, 0x000000070d000000| Untracked 
|  88|0x000000070d200000, 0x000000070d200000, 0x000000070d400000|  0%| F|  |TAMS 0x000000070d200000, 0x000000070d200000| Untracked 
|  89|0x000000070d400000, 0x000000070d400000, 0x000000070d600000|  0%| F|  |TAMS 0x000000070d400000, 0x000000070d400000| Untracked 
|  90|0x000000070d600000, 0x000000070d600000, 0x000000070d800000|  0%| F|  |TAMS 0x000000070d600000, 0x000000070d600000| Untracked 
|  91|0x000000070d800000, 0x000000070d800000, 0x000000070da00000|  0%| F|  |TAMS 0x000000070d800000, 0x000000070d800000| Untracked 
|  92|0x000000070da00000, 0x000000070da00000, 0x000000070dc00000|  0%| F|  |TAMS 0x000000070da00000, 0x000000070da00000| Untracked 
|  93|0x000000070dc00000, 0x000000070dc00000, 0x000000070de00000|  0%| F|  |TAMS 0x000000070dc00000, 0x000000070dc00000| Untracked 
|  94|0x000000070de00000, 0x000000070de00000, 0x000000070e000000|  0%| F|  |TAMS 0x000000070de00000, 0x000000070de00000| Untracked 
|  95|0x000000070e000000, 0x000000070e000000, 0x000000070e200000|  0%| F|  |TAMS 0x000000070e000000, 0x000000070e000000| Untracked 
|  96|0x000000070e200000, 0x000000070e200000, 0x000000070e400000|  0%| F|  |TAMS 0x000000070e200000, 0x000000070e200000| Untracked 
|  97|0x000000070e400000, 0x000000070e400000, 0x000000070e600000|  0%| F|  |TAMS 0x000000070e400000, 0x000000070e400000| Untracked 
|  98|0x000000070e600000, 0x000000070e600000, 0x000000070e800000|  0%| F|  |TAMS 0x000000070e600000, 0x000000070e600000| Untracked 
|  99|0x000000070e800000, 0x000000070e800000, 0x000000070ea00000|  0%| F|  |TAMS 0x000000070e800000, 0x000000070e800000| Untracked 
| 100|0x000000070ea00000, 0x000000070ea00000, 0x000000070ec00000|  0%| F|  |TAMS 0x000000070ea00000, 0x000000070ea00000| Untracked 
| 101|0x000000070ec00000, 0x000000070ec00000, 0x000000070ee00000|  0%| F|  |TAMS 0x000000070ec00000, 0x000000070ec00000| Untracked 
| 102|0x000000070ee00000, 0x000000070ee00000, 0x000000070f000000|  0%| F|  |TAMS 0x000000070ee00000, 0x000000070ee00000| Untracked 
| 103|0x000000070f000000, 0x000000070f000000, 0x000000070f200000|  0%| F|  |TAMS 0x000000070f000000, 0x000000070f000000| Untracked 
| 104|0x000000070f200000, 0x000000070f200000, 0x000000070f400000|  0%| F|  |TAMS 0x000000070f200000, 0x000000070f200000| Untracked 
| 105|0x000000070f400000, 0x000000070f400000, 0x000000070f600000|  0%| F|  |TAMS 0x000000070f400000, 0x000000070f400000| Untracked 
| 106|0x000000070f600000, 0x000000070f600000, 0x000000070f800000|  0%| F|  |TAMS 0x000000070f600000, 0x000000070f600000| Untracked 
| 107|0x000000070f800000, 0x000000070f800000, 0x000000070fa00000|  0%| F|  |TAMS 0x000000070f800000, 0x000000070f800000| Untracked 
| 108|0x000000070fa00000, 0x000000070fa00000, 0x000000070fc00000|  0%| F|  |TAMS 0x000000070fa00000, 0x000000070fa00000| Untracked 
| 109|0x000000070fc00000, 0x000000070fc00000, 0x000000070fe00000|  0%| F|  |TAMS 0x000000070fc00000, 0x000000070fc00000| Untracked 
| 110|0x000000070fe00000, 0x000000070fe00000, 0x0000000710000000|  0%| F|  |TAMS 0x000000070fe00000, 0x000000070fe00000| Untracked 
| 111|0x0000000710000000, 0x0000000710000000, 0x0000000710200000|  0%| F|  |TAMS 0x0000000710000000, 0x0000000710000000| Untracked 
| 112|0x0000000710200000, 0x0000000710200000, 0x0000000710400000|  0%| F|  |TAMS 0x0000000710200000, 0x0000000710200000| Untracked 
| 113|0x0000000710400000, 0x0000000710400000, 0x0000000710600000|  0%| F|  |TAMS 0x0000000710400000, 0x0000000710400000| Untracked 
| 114|0x0000000710600000, 0x0000000710600000, 0x0000000710800000|  0%| F|  |TAMS 0x0000000710600000, 0x0000000710600000| Untracked 
| 115|0x0000000710800000, 0x0000000710800000, 0x0000000710a00000|  0%| F|  |TAMS 0x0000000710800000, 0x0000000710800000| Untracked 
| 116|0x0000000710a00000, 0x0000000710a00000, 0x0000000710c00000|  0%| F|  |TAMS 0x0000000710a00000, 0x0000000710a00000| Untracked 
| 117|0x0000000710c00000, 0x0000000710c00000, 0x0000000710e00000|  0%| F|  |TAMS 0x0000000710c00000, 0x0000000710c00000| Untracked 
| 118|0x0000000710e00000, 0x0000000710e00000, 0x0000000711000000|  0%| F|  |TAMS 0x0000000710e00000, 0x0000000710e00000| Untracked 
| 119|0x0000000711000000, 0x0000000711200000, 0x0000000711200000|100%| E|  |TAMS 0x0000000711000000, 0x0000000711000000| Complete 
| 120|0x0000000711200000, 0x0000000711400000, 0x0000000711400000|100%| E|CS|TAMS 0x0000000711200000, 0x0000000711200000| Complete 
| 121|0x0000000711400000, 0x0000000711600000, 0x0000000711600000|100%| E|CS|TAMS 0x0000000711400000, 0x0000000711400000| Complete 
| 122|0x0000000711600000, 0x0000000711800000, 0x0000000711800000|100%| E|CS|TAMS 0x0000000711600000, 0x0000000711600000| Complete 
| 123|0x0000000711800000, 0x0000000711a00000, 0x0000000711a00000|100%| E|CS|TAMS 0x0000000711800000, 0x0000000711800000| Complete 
| 124|0x0000000711a00000, 0x0000000711c00000, 0x0000000711c00000|100%| E|  |TAMS 0x0000000711a00000, 0x0000000711a00000| Complete 
| 125|0x0000000711c00000, 0x0000000711e00000, 0x0000000711e00000|100%| E|CS|TAMS 0x0000000711c00000, 0x0000000711c00000| Complete 
| 126|0x0000000711e00000, 0x0000000712000000, 0x0000000712000000|100%| E|CS|TAMS 0x0000000711e00000, 0x0000000711e00000| Complete 

Card table byte_map: [0x0000029c14de0000,0x0000029c155d0000] _byte_map_base: 0x0000029c115cf000

Marking Bits (Prev, Next): (CMBitMap*) 0x0000029c7fd42740, (CMBitMap*) 0x0000029c7fd42780
 Prev Bits: [0x0000029c15dc0000, 0x0000029c19d38000)
 Next Bits: [0x0000029c19d40000, 0x0000029c1dcb8000)

Polling page: 0x0000029c7f640000

Metaspace:

Usage:
  Non-class:      5.25 MB used.
      Class:    712.22 KB used.
       Both:      5.94 MB used.

Virtual space:
  Non-class space:       64.00 MB reserved,       5.38 MB (  8%) committed,  1 nodes.
      Class space:        1.00 GB reserved,     832.00 KB ( <1%) committed,  1 nodes.
             Both:        1.06 GB reserved,       6.19 MB ( <1%) committed. 

Chunk freelists:
   Non-Class:  10.28 MB
       Class:  15.21 MB
        Both:  25.49 MB

MaxMetaspaceSize: unlimited
CompressedClassSpaceSize: 1.00 GB
Initial GC threshold: 21.00 MB
Current GC threshold: 21.00 MB
CDS: on
MetaspaceReclaimPolicy: balanced
 - commit_granule_bytes: 65536.
 - commit_granule_words: 8192.
 - virtual_space_node_default_size: 8388608.
 - enlarge_chunks_in_place: 1.
 - new_chunks_are_fully_committed: 0.
 - uncommit_free_chunks: 1.
 - use_allocation_guard: 0.
 - handle_deallocations: 1.


Internal statistics:

num_allocs_failed_limit: 0.
num_arena_births: 144.
num_arena_deaths: 0.
num_vsnodes_births: 2.
num_vsnodes_deaths: 0.
num_space_committed: 99.
num_space_uncommitted: 0.
num_chunks_returned_to_freelist: 0.
num_chunks_taken_from_freelist: 185.
num_chunk_merges: 0.
num_chunk_splits: 111.
num_chunks_enlarged: 52.
num_inconsistent_stats: 0.

CodeHeap 'non-profiled nmethods': size=120000Kb used=342Kb max_used=342Kb free=119657Kb
 bounds [0x0000029c0c610000, 0x0000029c0c880000, 0x0000029c13b40000]
CodeHeap 'profiled nmethods': size=120000Kb used=1510Kb max_used=1510Kb free=118490Kb
 bounds [0x0000029c04b40000, 0x0000029c04db0000, 0x0000029c0c070000]
CodeHeap 'non-nmethods': size=5760Kb used=1183Kb max_used=1203Kb free=4576Kb
 bounds [0x0000029c0c070000, 0x0000029c0c2e0000, 0x0000029c0c610000]
 total_blobs=1463 nmethods=997 adapters=379
 compilation: enabled
              stopped_count=0, restarted_count=0
 full_count=0

Compilation events (20 events):
Event: 0.984 Thread 0x0000029c2009b470 nmethod 690 0x0000029c04c2fa90 code [0x0000029c04c2fc40, 0x0000029c04c2fe98]
Event: 0.984 Thread 0x0000029c2009b470  693       3       sun.invoke.util.Wrapper::forBasicType (16 bytes)
Event: 0.984 Thread 0x0000029c2009b470 nmethod 693 0x0000029c04c2ff10 code [0x0000029c04c300c0, 0x0000029c04c30268]
Event: 0.985 Thread 0x0000029c2009b470  698   !   3       java.lang.invoke.MemberName::clone (14 bytes)
Event: 0.985 Thread 0x0000029c2009b470 nmethod 698 0x0000029c04c30310 code [0x0000029c04c304e0, 0x0000029c04c30858]
Event: 0.986 Thread 0x0000029c2009a2a0  700       4       java.lang.StringLatin1::getChar (9 bytes)
Event: 0.986 Thread 0x0000029c2009a2a0 nmethod 700 0x0000029c0c64d510 code [0x0000029c0c64d680, 0x0000029c0c64d718]
Event: 0.987 Thread 0x0000029c2009b470  701       3       java.lang.StringLatin1$LinesSpliterator::indexOfLineSeparator (44 bytes)
Event: 0.987 Thread 0x0000029c2009b470 nmethod 701 0x0000029c04c30990 code [0x0000029c04c30b40, 0x0000029c04c30e38]
Event: 0.987 Thread 0x0000029c2009b470  703       3       java.lang.ref.SoftReference::<init> (13 bytes)
Event: 0.987 Thread 0x0000029c2009b470 nmethod 703 0x0000029c04c30f90 code [0x0000029c04c31140, 0x0000029c04c31478]
Event: 0.988 Thread 0x0000029c2009b470  704       3       java.lang.invoke.MethodType::basicType (8 bytes)
Event: 0.988 Thread 0x0000029c2009b470 nmethod 704 0x0000029c04c31590 code [0x0000029c04c31720, 0x0000029c04c31858]
Event: 0.988 Thread 0x0000029c662019c0  705       4       java.lang.StringLatin1::compareToCI (108 bytes)
Event: 0.988 Thread 0x0000029c2009a2a0  708       4       java.lang.CharacterData::of (136 bytes)
Event: 0.988 Thread 0x0000029c2009b470  706       3       java.util.TreeMap::navigableKeySet (27 bytes)
Event: 0.988 Thread 0x0000029c2009b470 nmethod 706 0x0000029c04c31910 code [0x0000029c04c31ae0, 0x0000029c04c31ed8]
Event: 0.988 Thread 0x0000029c2009b470  710       3       javax.management.ImmutableDescriptor::<init> (195 bytes)
Event: 0.988 Thread 0x0000029c2009a2a0 nmethod 708 0x0000029c0c64dc10 code [0x0000029c0c64dd80, 0x0000029c0c64ddf8]
Event: 0.988 Thread 0x0000029c2009a2a0  709       4       java.lang.CharacterDataLatin1::toUpperCase (53 bytes)

GC Heap History (0 events):
No events

Dll operation events (4 events):
Event: 0.014 Loaded shared library C:\Users\Admn\.jdks\jbr-17.0.14\bin\java.dll
Event: 0.034 Loaded shared library C:\Users\Admn\.jdks\jbr-17.0.14\bin\jsvml.dll
Event: 0.098 Loaded shared library C:\Users\Admn\.jdks\jbr-17.0.14\bin\zip.dll
Event: 0.922 Loaded shared library C:\Users\Admn\.jdks\jbr-17.0.14\bin\verify.dll

Deoptimization events (20 events):
Event: 0.899 Thread 0x0000029c7fcd4dc0 Uncommon trap: trap_request=0xffffff45 fr.pc=0x0000029c0c6115dc relative=0x000000000000005c
Event: 0.899 Thread 0x0000029c7fcd4dc0 Uncommon trap: reason=unstable_if action=reinterpret pc=0x0000029c0c6115dc method=java.lang.String.isLatin1()Z @ 10 c2
Event: 0.899 Thread 0x0000029c7fcd4dc0 DEOPT PACKING pc=0x0000029c0c6115dc sp=0x000000c56c7fe4f0
Event: 0.899 Thread 0x0000029c7fcd4dc0 DEOPT UNPACKING pc=0x0000029c0c0ca1a3 sp=0x000000c56c7fe480 mode 2
Event: 0.899 Thread 0x0000029c7fcd4dc0 Uncommon trap: trap_request=0xffffff45 fr.pc=0x0000029c0c6118f8 relative=0x0000000000000078
Event: 0.899 Thread 0x0000029c7fcd4dc0 Uncommon trap: reason=unstable_if action=reinterpret pc=0x0000029c0c6118f8 method=java.lang.String.isLatin1()Z @ 10 c2
Event: 0.899 Thread 0x0000029c7fcd4dc0 DEOPT PACKING pc=0x0000029c0c6118f8 sp=0x000000c56c7fef80
Event: 0.899 Thread 0x0000029c7fcd4dc0 DEOPT UNPACKING pc=0x0000029c0c0ca1a3 sp=0x000000c56c7feec0 mode 2
Event: 0.928 Thread 0x0000029c7fcd4dc0 Uncommon trap: trap_request=0xffffff45 fr.pc=0x0000029c0c62e164 relative=0x0000000000000064
Event: 0.928 Thread 0x0000029c7fcd4dc0 Uncommon trap: reason=unstable_if action=reinterpret pc=0x0000029c0c62e164 method=java.io.WinNTFileSystem.isSlash(C)Z @ 9 c2
Event: 0.928 Thread 0x0000029c7fcd4dc0 DEOPT PACKING pc=0x0000029c0c62e164 sp=0x000000c56c7fe460
Event: 0.928 Thread 0x0000029c7fcd4dc0 DEOPT UNPACKING pc=0x0000029c0c0ca1a3 sp=0x000000c56c7fe3e8 mode 2
Event: 0.933 Thread 0x0000029c20095f30 Uncommon trap: trap_request=0xffffff45 fr.pc=0x0000029c0c623ce8 relative=0x00000000000008e8
Event: 0.933 Thread 0x0000029c20095f30 Uncommon trap: reason=unstable_if action=reinterpret pc=0x0000029c0c623ce8 method=java.util.HashMap.putVal(ILjava/lang/Object;Ljava/lang/Object;ZZ)Ljava/lang/Object; @ 181 c2
Event: 0.933 Thread 0x0000029c20095f30 DEOPT PACKING pc=0x0000029c0c623ce8 sp=0x000000c56d1fe0e0
Event: 0.933 Thread 0x0000029c20095f30 DEOPT UNPACKING pc=0x0000029c0c0ca1a3 sp=0x000000c56d1fe080 mode 2
Event: 0.952 Thread 0x0000029c20095f30 Uncommon trap: trap_request=0xffffff45 fr.pc=0x0000029c0c6396b4 relative=0x0000000000001114
Event: 0.952 Thread 0x0000029c20095f30 Uncommon trap: reason=unstable_if action=reinterpret pc=0x0000029c0c6396b4 method=java.util.HashMap.putVal(ILjava/lang/Object;Ljava/lang/Object;ZZ)Ljava/lang/Object; @ 181 c2
Event: 0.952 Thread 0x0000029c20095f30 DEOPT PACKING pc=0x0000029c0c6396b4 sp=0x000000c56d1fe040
Event: 0.952 Thread 0x0000029c20095f30 DEOPT UNPACKING pc=0x0000029c0c0ca1a3 sp=0x000000c56d1fdf80 mode 2

Classes loaded (20 events):
Event: 0.986 Loading class java/util/stream/Node$OfPrimitive done
Event: 0.986 Loading class java/util/stream/Node$OfInt done
Event: 0.986 Loading class java/util/stream/Nodes$EmptyNode$OfInt done
Event: 0.986 Loading class java/util/stream/Nodes$EmptyNode$OfLong
Event: 0.986 Loading class java/util/stream/Node$OfLong
Event: 0.986 Loading class java/util/stream/Node$OfLong done
Event: 0.986 Loading class java/util/stream/Nodes$EmptyNode$OfLong done
Event: 0.986 Loading class java/util/stream/Nodes$EmptyNode$OfDouble
Event: 0.986 Loading class java/util/stream/Node$OfDouble
Event: 0.986 Loading class java/util/stream/Node$OfDouble done
Event: 0.986 Loading class java/util/stream/Nodes$EmptyNode$OfDouble done
Event: 0.986 Loading class java/util/stream/Nodes$SpinedNodeBuilder
Event: 0.986 Loading class java/util/stream/Node$Builder
Event: 0.986 Loading class java/util/stream/Node$Builder done
Event: 0.986 Loading class java/util/stream/SpinedBuffer
Event: 0.986 Loading class java/util/stream/AbstractSpinedBuffer
Event: 0.986 Loading class java/util/stream/AbstractSpinedBuffer done
Event: 0.986 Loading class java/util/stream/SpinedBuffer done
Event: 0.986 Loading class java/util/stream/Nodes$SpinedNodeBuilder done
Event: 0.988 Loading class jdk/internal/reflect/MethodAccessorGenerator

Classes unloaded (0 events):
No events

Classes redefined (0 events):
No events

Internal exceptions (6 events):
Event: 0.901 Thread 0x0000029c20095f30 Exception <a 'java/lang/NoSuchMethodError'{0x00000007117a1ee8}: 'java.lang.Object java.lang.invoke.Invokers$Holder.invokeExact_MT(java.lang.Object, java.lang.Object, java.lang.Object, java.lang.Object, java.lang.Object, java.lang.Object)'> (0x00000007117a1ee8) 
thrown [s\src\hotspot\share\interpreter\linkResolver.cpp, line 771]
Event: 0.901 Thread 0x0000029c6619af50 Exception <a 'java/lang/NoSuchMethodError'{0x00000007117e7a88}: 'java.lang.Object java.lang.invoke.DirectMethodHandle$Holder.invokeStaticInit(java.lang.Object)'> (0x00000007117e7a88) 
thrown [s\src\hotspot\share\interpreter\linkResolver.cpp, line 771]
Event: 0.906 Thread 0x0000029c6619af50 Exception <a 'java/lang/NoSuchMethodError'{0x00000007117f5b20}: 'void java.lang.invoke.DirectMethodHandle$Holder.invokeStatic(java.lang.Object, java.lang.Object)'> (0x00000007117f5b20) 
thrown [s\src\hotspot\share\interpreter\linkResolver.cpp, line 771]
Event: 0.933 Thread 0x0000029c20095f30 Exception <a 'java/lang/NoSuchMethodError'{0x00000007117cfe40}: 'int java.lang.invoke.DirectMethodHandle$Holder.invokeInterface(java.lang.Object, java.lang.Object)'> (0x00000007117cfe40) 
thrown [s\src\hotspot\share\interpreter\linkResolver.cpp, line 771]
Event: 0.933 Thread 0x0000029c20095f30 Exception <a 'java/lang/IncompatibleClassChangeError'{0x00000007117d3328}: Found class java.lang.Object, but interface was expected> (0x00000007117d3328) 
thrown [s\src\hotspot\share\interpreter\linkResolver.cpp, line 838]
Event: 0.966 Thread 0x0000029c20095f30 Exception <a 'java/lang/NoSuchMethodError'{0x000000071152ed88}: 'int java.lang.invoke.DirectMethodHandle$Holder.invokeSpecial(java.lang.Object, java.lang.Object, java.lang.Object)'> (0x000000071152ed88) 
thrown [s\src\hotspot\share\interpreter\linkResolver.cpp, line 771]

VM Operations (4 events):
Event: 0.900 Executing VM operation: HandshakeAllThreads
Event: 0.901 Executing VM operation: HandshakeAllThreads done
Event: 0.928 Executing VM operation: HandshakeAllThreads
Event: 0.928 Executing VM operation: HandshakeAllThreads done

Memory protections (0 events):
No events

Nmethod flushes (0 events):
No events

Events (20 events):
Event: 0.043 Thread 0x0000029c7fcd4dc0 Thread added: 0x0000029c20098d20
Event: 0.043 Thread 0x0000029c7fcd4dc0 Thread added: 0x0000029c200995f0
Event: 0.043 Thread 0x0000029c7fcd4dc0 Thread added: 0x0000029c2009a2a0
Event: 0.043 Thread 0x0000029c7fcd4dc0 Thread added: 0x0000029c2009b470
Event: 0.043 Thread 0x0000029c7fcd4dc0 Thread added: 0x0000029c2009f280
Event: 0.086 Thread 0x0000029c7fcd4dc0 Thread added: 0x0000029c2006af60
Event: 0.101 Loaded shared library C:\Users\Admn\.jdks\jbr-17.0.14\bin\instrument.dll
Event: 0.105 Loaded shared library C:\Users\Admn\.jdks\jbr-17.0.14\bin\net.dll
Event: 0.107 Loaded shared library C:\Users\Admn\.jdks\jbr-17.0.14\bin\nio.dll
Event: 0.109 Loaded shared library C:\Users\Admn\.jdks\jbr-17.0.14\bin\zip.dll
Event: 0.128 Thread 0x0000029c2009b470 Thread added: 0x0000029c20b471c0
Event: 0.194 Loaded shared library C:\Users\Admn\.jdks\jbr-17.0.14\bin\jimage.dll
Event: 0.418 Thread 0x0000029c20b471c0 Thread exited: 0x0000029c20b471c0
Event: 0.899 Thread 0x0000029c7fcd4dc0 Thread added: 0x0000029c6619af50
Event: 0.899 Thread 0x0000029c7fcd4dc0 Thread added: 0x0000029c6619b430
Event: 0.904 Thread 0x0000029c2009b470 Thread added: 0x0000029c662019c0
Event: 0.905 Loaded shared library C:\Users\Admn\.jdks\jbr-17.0.14\bin\extnet.dll
Event: 0.917 Loaded shared library C:\Users\Admn\.jdks\jbr-17.0.14\bin\management.dll
Event: 0.929 Loaded shared library C:\Users\Admn\.jdks\jbr-17.0.14\bin\management_ext.dll
Event: 0.987 Loaded shared library C:\Users\Admn\.jssc\windows\jSSC-2.8_x86_64.dll


Dynamic libraries:
0x00007ff60f3d0000 - 0x00007ff60f3da000 	C:\Users\Admn\.jdks\jbr-17.0.14\bin\java.exe
0x00007ffba6ff0000 - 0x00007ffba7207000 	C:\WINDOWS\SYSTEM32\ntdll.dll
0x00007ffba5de0000 - 0x00007ffba5ea4000 	C:\WINDOWS\System32\KERNEL32.DLL
0x00007ffba4520000 - 0x00007ffba48c7000 	C:\WINDOWS\System32\KERNELBASE.dll
0x00007ffba4970000 - 0x00007ffba4a81000 	C:\WINDOWS\System32\ucrtbase.dll
0x00007ffb82f00000 - 0x00007ffb82f1b000 	C:\Users\Admn\.jdks\jbr-17.0.14\bin\VCRUNTIME140.dll
0x00007ffb82ee0000 - 0x00007ffb82ef7000 	C:\Users\Admn\.jdks\jbr-17.0.14\bin\jli.dll
0x00007ffba5f70000 - 0x00007ffba611e000 	C:\WINDOWS\System32\USER32.dll
0x00007ffba4ac0000 - 0x00007ffba4ae6000 	C:\WINDOWS\System32\win32u.dll
0x00007ffb99820000 - 0x00007ffb99ab3000 	C:\WINDOWS\WinSxS\amd64_microsoft.windows.common-controls_6595b64144ccf1df_6.0.22621.3527_none_270e469b73872a76\COMCTL32.dll
0x00007ffba4f20000 - 0x00007ffba4f49000 	C:\WINDOWS\System32\GDI32.dll
0x00007ffba5760000 - 0x00007ffba5807000 	C:\WINDOWS\System32\msvcrt.dll
0x00007ffba4390000 - 0x00007ffba44a9000 	C:\WINDOWS\System32\gdi32full.dll
0x00007ffba48d0000 - 0x00007ffba496a000 	C:\WINDOWS\System32\msvcp_win.dll
0x00007ffba5710000 - 0x00007ffba5741000 	C:\WINDOWS\System32\IMM32.DLL
0x00007ffb82ed0000 - 0x00007ffb82edc000 	C:\Users\Admn\.jdks\jbr-17.0.14\bin\vcruntime140_1.dll
0x00007ffb5d610000 - 0x00007ffb5d69d000 	C:\Users\Admn\.jdks\jbr-17.0.14\bin\msvcp140.dll
0x00007ffb1e6f0000 - 0x00007ffb1f37e000 	C:\Users\Admn\.jdks\jbr-17.0.14\bin\server\jvm.dll
0x00007ffba5eb0000 - 0x00007ffba5f62000 	C:\WINDOWS\System32\ADVAPI32.dll
0x00007ffba6bb0000 - 0x00007ffba6c58000 	C:\WINDOWS\System32\sechost.dll
0x00007ffba4a90000 - 0x00007ffba4ab8000 	C:\WINDOWS\System32\bcrypt.dll
0x00007ffba6c60000 - 0x00007ffba6d75000 	C:\WINDOWS\System32\RPCRT4.dll
0x00007ffba6f00000 - 0x00007ffba6f71000 	C:\WINDOWS\System32\WS2_32.dll
0x00007ffba3c90000 - 0x00007ffba3cdd000 	C:\WINDOWS\SYSTEM32\POWRPROF.dll
0x00007ffb9c710000 - 0x00007ffb9c71a000 	C:\WINDOWS\SYSTEM32\VERSION.dll
0x00007ffb97df0000 - 0x00007ffb97e24000 	C:\WINDOWS\SYSTEM32\WINMM.dll
0x00007ffba3b90000 - 0x00007ffba3ba3000 	C:\WINDOWS\SYSTEM32\UMPDC.dll
0x00007ffba3290000 - 0x00007ffba32a8000 	C:\WINDOWS\SYSTEM32\kernel.appcore.dll
0x00007ffb82ec0000 - 0x00007ffb82eca000 	C:\Users\Admn\.jdks\jbr-17.0.14\bin\jimage.dll
0x00007ffb97420000 - 0x00007ffb97652000 	C:\WINDOWS\SYSTEM32\DBGHELP.DLL
0x00007ffba5a50000 - 0x00007ffba5dd8000 	C:\WINDOWS\System32\combase.dll
0x00007ffba4e20000 - 0x00007ffba4ef7000 	C:\WINDOWS\System32\OLEAUT32.dll
0x00007ffb7f0d0000 - 0x00007ffb7f102000 	C:\WINDOWS\SYSTEM32\dbgcore.DLL
0x00007ffba4310000 - 0x00007ffba4389000 	C:\WINDOWS\System32\bcryptPrimitives.dll
0x00007ffb82640000 - 0x00007ffb8264e000 	C:\Users\Admn\.jdks\jbr-17.0.14\bin\instrument.dll
0x00007ffb6ffd0000 - 0x00007ffb6fff5000 	C:\Users\Admn\.jdks\jbr-17.0.14\bin\java.dll
0x00007ffb25120000 - 0x00007ffb251f7000 	C:\Users\Admn\.jdks\jbr-17.0.14\bin\jsvml.dll
0x00007ffba6140000 - 0x00007ffba699c000 	C:\WINDOWS\System32\SHELL32.dll
0x00007ffba2200000 - 0x00007ffba2af6000 	C:\WINDOWS\SYSTEM32\windows.storage.dll
0x00007ffba20c0000 - 0x00007ffba21fe000 	C:\WINDOWS\SYSTEM32\wintypes.dll
0x00007ffba4d20000 - 0x00007ffba4e15000 	C:\WINDOWS\System32\SHCORE.dll
0x00007ffba6b50000 - 0x00007ffba6bae000 	C:\WINDOWS\System32\shlwapi.dll
0x00007ffba4240000 - 0x00007ffba4261000 	C:\WINDOWS\SYSTEM32\profapi.dll
0x00007ffb7a2c0000 - 0x00007ffb7a2d8000 	C:\Users\Admn\.jdks\jbr-17.0.14\bin\zip.dll
0x00007ffb75c70000 - 0x00007ffb75c89000 	C:\Users\Admn\.jdks\jbr-17.0.14\bin\net.dll
0x00007ffb9eb90000 - 0x00007ffb9ecc6000 	C:\WINDOWS\SYSTEM32\WINHTTP.dll
0x00007ffba3750000 - 0x00007ffba37b9000 	C:\WINDOWS\system32\mswsock.dll
0x00007ffb74720000 - 0x00007ffb74736000 	C:\Users\Admn\.jdks\jbr-17.0.14\bin\nio.dll
0x00007ffb7f470000 - 0x00007ffb7f479000 	C:\Users\Admn\.jdks\jbr-17.0.14\bin\extnet.dll
0x00007ffba2dd0000 - 0x00007ffba2ec8000 	C:\WINDOWS\SYSTEM32\DNSAPI.dll
0x00007ffba2da0000 - 0x00007ffba2dcd000 	C:\WINDOWS\SYSTEM32\IPHLPAPI.DLL
0x00007ffba6fa0000 - 0x00007ffba6fa9000 	C:\WINDOWS\System32\NSI.dll
0x000000006d480000 - 0x000000006d4a6000 	C:\Program Files\Bonjour\mdnsNSP.dll
0x00007ffb9cfd0000 - 0x00007ffb9cfda000 	C:\Windows\System32\rasadhlp.dll
0x00007ffb9e3e0000 - 0x00007ffb9e463000 	C:\WINDOWS\System32\fwpuclnt.dll
0x00007ffb717e0000 - 0x00007ffb717e9000 	C:\Users\Admn\.jdks\jbr-17.0.14\bin\management.dll
0x00007ffb738b0000 - 0x00007ffb738c0000 	C:\Users\Admn\.jdks\jbr-17.0.14\bin\verify.dll
0x00007ffb6ffc0000 - 0x00007ffb6ffcb000 	C:\Users\Admn\.jdks\jbr-17.0.14\bin\management_ext.dll
0x00007ffba5750000 - 0x00007ffba5758000 	C:\WINDOWS\System32\PSAPI.DLL
0x0000000071100000 - 0x0000000071125000 	C:\Users\Admn\.jssc\windows\jSSC-2.8_x86_64.dll
0x00007ffba3b10000 - 0x00007ffba3b2b000 	C:\WINDOWS\SYSTEM32\CRYPTSP.dll
0x00007ffba3250000 - 0x00007ffba3285000 	C:\WINDOWS\system32\rsaenh.dll
0x00007ffba37f0000 - 0x00007ffba3818000 	C:\WINDOWS\SYSTEM32\USERENV.dll
0x00007ffba3a80000 - 0x00007ffba3a8c000 	C:\WINDOWS\SYSTEM32\CRYPTBASE.dll
0x00007ffb9e9d0000 - 0x00007ffb9e9e9000 	C:\WINDOWS\SYSTEM32\dhcpcsvc6.DLL
0x00007ffb9e960000 - 0x00007ffb9e97f000 	C:\WINDOWS\SYSTEM32\dhcpcsvc.DLL
0x00007ffb79310000 - 0x00007ffb79327000 	C:\WINDOWS\system32\napinsp.dll
0x00007ffb79280000 - 0x00007ffb7929b000 	C:\WINDOWS\system32\pnrpnsp.dll
0x00007ffb79260000 - 0x00007ffb79271000 	C:\WINDOWS\System32\winrnr.dll
0x00007ffb79240000 - 0x00007ffb79255000 	C:\WINDOWS\system32\wshbth.dll
0x00007ffb793a0000 - 0x00007ffb793c7000 	C:\WINDOWS\system32\nlansp_c.dll
0x00007ffb88d10000 - 0x00007ffb88d60000 	C:\WINDOWS\SYSTEM32\pdh.dll

dbghelp: loaded successfully - version: 4.0.5 - missing functions: none
symbol engine: initialized successfully - sym options: 0x614 - pdb path: .;C:\Users\Admn\.jdks\jbr-17.0.14\bin;C:\WINDOWS\SYSTEM32;C:\WINDOWS\WinSxS\amd64_microsoft.windows.common-controls_6595b64144ccf1df_6.0.22621.3527_none_270e469b73872a76;C:\Users\Admn\.jdks\jbr-17.0.14\bin\server;C:\Program Files\Bonjour;C:\Users\Admn\.jssc\windows

VM Arguments:
jvm_args: -javaagent:C:\Program Files\JetBrains\IntelliJ IDEA 2024.3.5\lib\idea_rt.jar=54052 -Dfile.encoding=UTF-8 
java_command: com.example.sattelliteserrver.test.TestSocket
java_class_path (initial): C:\Users\Admn\IdeaProjects\SattelliteServer\target\classes;C:\Users\Admn\.m2\repository\org\springframework\boot\spring-boot-starter-data-jpa\3.4.4\spring-boot-starter-data-jpa-3.4.4.jar;C:\Users\Admn\.m2\repository\org\springframework\boot\spring-boot-starter\3.4.4\spring-boot-starter-3.4.4.jar;C:\Users\Admn\.m2\repository\org\springframework\boot\spring-boot\3.4.4\spring-boot-3.4.4.jar;C:\Users\Admn\.m2\repository\org\springframework\boot\spring-boot-autoconfigure\3.4.4\spring-boot-autoconfigure-3.4.4.jar;C:\Users\Admn\.m2\repository\org\springframework\boot\spring-boot-starter-logging\3.4.4\spring-boot-starter-logging-3.4.4.jar;C:\Users\Admn\.m2\repository\ch\qos\logback\logback-classic\1.5.18\logback-classic-1.5.18.jar;C:\Users\Admn\.m2\repository\ch\qos\logback\logback-core\1.5.18\logback-core-1.5.18.jar;C:\Users\Admn\.m2\repository\org\apache\logging\log4j\log4j-to-slf4j\2.24.3\log4j-to-slf4j-2.24.3.jar;C:\Users\Admn\.m2\repository\org\apache\logging\log4j\log4j-api\2.24.3\log4j-api-2.24.3.jar;C:\Users\Admn\.m2\repository\org\slf4j\jul-to-slf4j\2.0.17\jul-to-slf4j-2.0.17.jar;C:\Users\Admn\.m2\repository\jakarta\annotation\jakarta.annotation-api\2.1.1\jakarta.annotation-api-2.1.1.jar;C:\Users\Admn\.m2\repository\org\yaml\snakeyaml\2.3\snakeyaml-2.3.jar;C:\Users\Admn\.m2\repository\org\springframework\boot\spring-boot-starter-jdbc\3.4.4\spring-boot-starter-jdbc-3.4.4.jar;C:\Users\Admn\.m2\repository\com\zaxxer\HikariCP\5.1.0\HikariCP-5.1.0.jar;C:\Users\Admn\.m2\repository\org\springframework\spring-jdbc\6.2.5\spring-jdbc-6.2.5.jar;C:\Users\Admn\.m2\repository\org\hibernate\orm\hibernate-core\6.6.11.Final\hibernate-core-6.6.11.Final.jar;C:\Users\Admn\.m2\repository\jakarta\persistence\jakarta.persistence-api\3.1.0\jakarta.persistence-api-3.1.0.jar;C:\Users\Admn\.m2\repository\jakarta\transaction\jakarta.transaction-api\2.0.1\jakarta.transaction-api-2.0.1.jar;C:\Users\Admn\.m2\repository\org\jboss\logging\jboss-logging\3.6.1.Final\jbos
Launcher Type: SUN_STANDARD

[Global flags]
     intx CICompilerCount                          = 4                                         {product} {ergonomic}
     uint ConcGCThreads                            = 3                                         {product} {ergonomic}
     uint G1ConcRefinementThreads                  = 10                                        {product} {ergonomic}
   size_t G1HeapRegionSize                         = 2097152                                   {product} {ergonomic}
    uintx GCDrainStackTargetSize                   = 64                                        {product} {ergonomic}
   size_t InitialHeapSize                          = 266338304                                 {product} {ergonomic}
   size_t MarkStackSize                            = 4194304                                   {product} {ergonomic}
   size_t MaxHeapSize                              = 4259315712                                {product} {ergonomic}
   size_t MaxNewSize                               = 2554331136                                {product} {ergonomic}
   size_t MinHeapDeltaBytes                        = 2097152                                   {product} {ergonomic}
   size_t MinHeapSize                              = 8388608                                   {product} {ergonomic}
    uintx NonNMethodCodeHeapSize                   = 5839372                                {pd product} {ergonomic}
    uintx NonProfiledCodeHeapSize                  = 122909434                              {pd product} {ergonomic}
    uintx ProfiledCodeHeapSize                     = 122909434                              {pd product} {ergonomic}
    uintx ReservedCodeCacheSize                    = 251658240                              {pd product} {ergonomic}
     bool SegmentedCodeCache                       = true                                      {product} {ergonomic}
   size_t SoftMaxHeapSize                          = 4259315712                             {manageable} {ergonomic}
     bool UseCompressedClassPointers               = true                           {product lp64_product} {ergonomic}
     bool UseCompressedOops                        = true                           {product lp64_product} {ergonomic}
     bool UseG1GC                                  = true                                      {product} {ergonomic}
     bool UseLargePagesIndividualAllocation        = false                                  {pd product} {ergonomic}

Logging:
Log output configuration:
 #0: stdout all=warning uptime,level,tags
 #1: stderr all=off uptime,level,tags

Environment Variables:
PATH=C:\Program Files (x86)\NVIDIA Corporation\PhysX\Common;C:\Program Files (x86)\Common Files\Oracle\Java\javapath;C:\WINDOWS\system32;C:\WINDOWS;C:\WINDOWS\System32\Wbem;C:\WINDOWS\System32\WindowsPowerShell\v1.0\;C:\WINDOWS\System32\OpenSSH\;C:\Program Files\MATLAB\R2016b\runtime\win64;C:\Program Files\MATLAB\R2016b\bin;C:\Program Files\MATLAB\R2016b\polyspace\bin;C:\Program Files (x86)\Windows Kits\10\Windows Performance Toolkit\;C:\Program Files\dotnet\;C:\Program Files\Microsoft SQL Server\Client SDK\ODBC\170\Tools\Binn\;C:\Program Files (x86)\Microsoft SQL Server\150\Tools\Binn\;C:\Program Files\Microsoft SQL Server\150\Tools\Binn\;C:\Program Files\Microsoft SQL Server\150\DTS\Binn\;C:\Program Files (x86)\Windows Kits\8.1\Windows Performance Toolkit\;C:\Program Files\NVIDIA Corporation\NVIDIA app\NvDLISR;C:\Program Files\Git\cmd;C:\Users\Admn\AppData\Local\Microsoft\WindowsApps;C:\Users\Admn\AppData\Local\spicetify;C:\Users\Admn\AppData\Local\Programs\Microsoft VS Code\bin;C:\Users\Admn\AppData\Local\GitHubDesktop\bin;C:\Program Files\JetBrains\IntelliJ IDEA 2024.3.5\bin;
USERNAME=Admn
OS=Windows_NT
PROCESSOR_IDENTIFIER=Intel64 Family 6 Model 167 Stepping 1, GenuineIntel
TMP=C:\Users\Admn\AppData\Local\Temp
TEMP=C:\Users\Admn\AppData\Local\Temp



Periodic native trim disabled

JNI global refs:
JNI global refs: 17, weak refs: 0

JNI global refs memory usage: 843, weak refs: 209

Process memory usage:
Resident Set Size: 101644K (0% of 16631464K total physical memory with 1698916K free physical memory)

OOME stack traces (most recent first):
Classloader memory used:
Loader bootstrap                                                                       : 746K
Loader jdk.internal.loader.ClassLoaders$AppClassLoader                                 : 8896B
Loader jdk.internal.reflect.DelegatingClassLoader                                      : 5094B
Loader jdk.internal.loader.ClassLoaders$PlatformClassLoader                            : 764B
Loader sun.reflect.misc.MethodUtil                                                     : 373B


---------------  S Y S T E M  ---------------

OS:
 Windows 11 , 64 bit Build 22621 (10.0.22621.3527)
OS uptime: 0 days 4:48 hours
Hyper-V role detected

CPU: total 12 (initial active 12) (6 cores per cpu, 2 threads per core) family 6 model 167 stepping 1 microcode 0x40, cx8, cmov, fxsr, ht, mmx, 3dnowpref, sse, sse2, sse3, ssse3, sse4.1, sse4.2, popcnt, lzcnt, tsc, tscinvbit, avx, avx2, aes, erms, clmul, bmi1, bmi2, adx, avx512f, avx512dq, avx512cd, avx512bw, avx512vl, sha, fma, vzeroupper, avx512_vpopcntdq, avx512_vpclmulqdq, avx512_vaes, avx512_vnni, clflush, clflushopt, avx512_vbmi2, avx512_vbmi, hv
Processor Information for all 12 processors :
  Max Mhz: 2592, Current Mhz: 2592, Mhz Limit: 2592

Memory: 4k page, system-wide physical 16241M (1659M free)
TotalPageFile size 20081M (AvailPageFile size 3199M)
current process WorkingSet (physical memory assigned to process): 99M, peak: 99M
current process commit charge ("private bytes"): 389M, peak: 390M

vm_info: OpenJDK 64-Bit Server VM (17.0.14+1-b1367.22) for windows-amd64 JRE (17.0.14+1-b1367.22), built on 2025-01-30 by "builduser" with MS VC++ 16.10 / 16.11 (VS2019)

END.
